-------------------------------------------------------------------------------
Test set: es.uma.informatica.practica3.Practica3ApplicationTests$ConIngredientes
-------------------------------------------------------------------------------
Tests run: 9, Failures: 0, Errors: 0, Skipped: 0, Time elapsed: 10.517 s - in es.uma.informatica.practica3.Practica3ApplicationTests$ConIngredientes
es.uma.informatica.practica3.Practica3ApplicationTests$ConIngredientes.errorInsertarProductoConIngredienteInvalido  Time elapsed: 0.095 s
es.uma.informatica.practica3.Practica3ApplicationTests$ConIngredientes.actualizaIngrediente  Time elapsed: 0.114 s
es.uma.informatica.practica3.Practica3ApplicationTests$ConIngredientes.obtieneTodosLosIngredientes  Time elapsed: 0.105 s
es.uma.informatica.practica3.Practica3ApplicationTests$ConIngredientes.errorEliminarIngredienteInexistente  Time elapsed: 0.062 s
es.uma.informatica.practica3.Practica3ApplicationTests$ConIngredientes.errorInsertarIngredienteConNombreRepetido  Time elapsed: 0.074 s
es.uma.informatica.practica3.Practica3ApplicationTests$ConIngredientes.obtieneIngredientePorId  Time elapsed: 0.075 s
es.uma.informatica.practica3.Practica3ApplicationTests$ConIngredientes.insertaProductoConIngredientes  Time elapsed: 0.116 s
es.uma.informatica.practica3.Practica3ApplicationTests$ConIngredientes.errorActualizarIngredienteInexistente  Time elapsed: 0.061 s
es.uma.informatica.practica3.Practica3ApplicationTests$ConIngredientes.eliminaIngrediente  Time elapsed: 0.063 s
