<?xml version="1.0" encoding="UTF-8"?>
<testsuite xmlns:xsi="http://www.w3.org/2001/XMLSchema-instance" xsi:noNamespaceSchemaLocation="https://maven.apache.org/surefire/maven-surefire-plugin/xsd/surefire-test-report-3.0.xsd" version="3.0" name="es.uma.informatica.practica3.Practica3ApplicationTests$BaseDatosVacia" time="5.313" tests="6" errors="0" skipped="0" failures="0">
  <properties>
[...]
</properties>
  <testcase name="insertaIngrediente" classname="es.uma.informatica.practica3.Practica3ApplicationTests$BaseDatosVacia" time="0.067">
    <system-out><![CDATA[2025-04-24T10:34:35.718+02:00  INFO 7516 --- [           main] t.c.s.AnnotationConfigContextLoaderUtils : Could not detect default configuration classes for test class [es.uma.informatica.practica3.Practica3ApplicationTests$BaseDatosVacia]: BaseDatosVacia does not declare any static, non-private, non-final, nested classes annotated with @Configuration.
2025-04-24T10:34:35.721+02:00  INFO 7516 --- [           main] .b.t.c.SpringBootTestContextBootstrapper : Found @SpringBootConfiguration es.uma.informatica.practica3.Practica3Application for test class es.uma.informatica.practica3.Practica3ApplicationTests$BaseDatosVacia

  .   ____          _            __ _ _
 /\\ / ___'_ __ _ _(_)_ __  __ _ \ \ \ \
( ( )\___ | '_ | '_| | '_ \/ _` | \ \ \ \
 \\/  ___)| |_)| | | | | || (_| |  ) ) ) )
  '  |____| .__|_| |_|_| |_\__, | / / / /
 =========|_|==============|___/=/_/_/_/
 :: Spring Boot ::                (v3.2.5)

2025-04-24T10:34:35.773+02:00  INFO 7516 --- [           main] e.u.i.p.Practica3ApplicationTests        : Starting Practica3ApplicationTests using Java 21.0.6 with PID 7516 (started by jcalc in C:\Users\jcalc\Documentos\Carrera\Cuarto\Sistemas-de-Informacion-para-Internet\Tema-4\Pruebas-JUnit\Ejemplo-practica\codigo-estudiantes)
2025-04-24T10:34:35.774+02:00  INFO 7516 --- [           main] e.u.i.p.Practica3ApplicationTests        : No active profile set, falling back to 1 default profile: "default"
2025-04-24T10:34:36.002+02:00  INFO 7516 --- [           main] .s.d.r.c.RepositoryConfigurationDelegate : Bootstrapping Spring Data JPA repositories in DEFAULT mode.
2025-04-24T10:34:36.020+02:00  INFO 7516 --- [           main] .s.d.r.c.RepositoryConfigurationDelegate : Finished Spring Data repository scanning in 18 ms. Found 2 JPA repository interfaces.
2025-04-24T10:34:36.115+02:00  INFO 7516 --- [           main] o.s.b.w.embedded.tomcat.TomcatWebServer  : Tomcat initialized with port 0 (http)
2025-04-24T10:34:36.116+02:00  INFO 7516 --- [           main] o.apache.catalina.core.StandardService   : Starting service [Tomcat]
2025-04-24T10:34:36.117+02:00  INFO 7516 --- [           main] o.apache.catalina.core.StandardEngine    : Starting Servlet engine: [Apache Tomcat/10.1.20]
2025-04-24T10:34:36.157+02:00  INFO 7516 --- [           main] o.a.c.c.C.[Tomcat].[localhost].[/]       : Initializing Spring embedded WebApplicationContext
2025-04-24T10:34:36.157+02:00  INFO 7516 --- [           main] w.s.c.ServletWebServerApplicationContext : Root WebApplicationContext: initialization completed in 381 ms
2025-04-24T10:34:36.173+02:00  INFO 7516 --- [           main] com.zaxxer.hikari.HikariDataSource       : HikariPool-18 - Starting...
2025-04-24T10:34:36.177+02:00  INFO 7516 --- [           main] com.zaxxer.hikari.pool.HikariPool        : HikariPool-18 - Added connection conn170: url=jdbc:h2:mem:test user=SA
2025-04-24T10:34:36.177+02:00  INFO 7516 --- [           main] com.zaxxer.hikari.HikariDataSource       : HikariPool-18 - Start completed.
2025-04-24T10:34:36.178+02:00  INFO 7516 --- [           main] o.s.b.a.h2.H2ConsoleAutoConfiguration    : H2 console available at '/h2-console'. Database available at 'jdbc:h2:mem:test'
2025-04-24T10:34:36.210+02:00  INFO 7516 --- [           main] o.hibernate.jpa.internal.util.LogHelper  : HHH000204: Processing PersistenceUnitInfo [name: default]
2025-04-24T10:34:36.215+02:00  INFO 7516 --- [           main] o.h.c.internal.RegionFactoryInitiator    : HHH000026: Second-level cache disabled
2025-04-24T10:34:36.223+02:00  INFO 7516 --- [           main] o.s.o.j.p.SpringPersistenceUnitInfo      : No LoadTimeWeaver setup: ignoring JPA class transformer
2025-04-24T10:34:36.224+02:00  WARN 7516 --- [           main] org.hibernate.orm.deprecation            : HHH90000025: H2Dialect does not need to be specified explicitly using 'hibernate.dialect' (remove the property setting and it will be selected by default)
2025-04-24T10:34:36.317+02:00  INFO 7516 --- [           main] o.h.e.t.j.p.i.JtaPlatformInitiator       : HHH000489: No JTA platform available (set 'hibernate.transaction.jta.platform' to enable JTA platform integration)
2025-04-24T10:34:36.331+02:00  INFO 7516 --- [           main] j.LocalContainerEntityManagerFactoryBean : Initialized JPA EntityManagerFactory for persistence unit 'default'
2025-04-24T10:34:36.385+02:00  WARN 7516 --- [           main] JpaBaseConfiguration$JpaWebConfiguration : spring.jpa.open-in-view is enabled by default. Therefore, database queries may be performed during view rendering. Explicitly configure spring.jpa.open-in-view to disable this warning
2025-04-24T10:34:36.516+02:00  INFO 7516 --- [           main] o.s.b.w.embedded.tomcat.TomcatWebServer  : Tomcat started on port 59797 (http) with context path ''
2025-04-24T10:34:36.520+02:00  INFO 7516 --- [           main] e.u.i.p.Practica3ApplicationTests        : Started Practica3ApplicationTests in 0.793 seconds (process running for 83.213)
2025-04-24T10:34:36.536+02:00  INFO 7516 --- [-auto-18-exec-1] o.a.c.c.C.[Tomcat].[localhost].[/]       : Initializing Spring DispatcherServlet 'dispatcherServlet'
2025-04-24T10:34:36.536+02:00  INFO 7516 --- [-auto-18-exec-1] o.s.web.servlet.DispatcherServlet        : Initializing Servlet 'dispatcherServlet'
2025-04-24T10:34:36.537+02:00  INFO 7516 --- [-auto-18-exec-1] o.s.web.servlet.DispatcherServlet        : Completed initialization in 1 ms
2025-04-24T10:34:36.579+02:00  INFO 7516 --- [           main] j.LocalContainerEntityManagerFactoryBean : Closing JPA EntityManagerFactory for persistence unit 'default'
2025-04-24T10:34:36.583+02:00  INFO 7516 --- [           main] com.zaxxer.hikari.HikariDataSource       : HikariPool-18 - Shutdown initiated...
2025-04-24T10:34:36.585+02:00  INFO 7516 --- [           main] com.zaxxer.hikari.HikariDataSource       : HikariPool-18 - Shutdown completed.
]]></system-out>
  </testcase>
  <testcase name="devuelveListaVaciaProductos" classname="es.uma.informatica.practica3.Practica3ApplicationTests$BaseDatosVacia" time="0.062">
    <system-out><![CDATA[
  .   ____          _            __ _ _
 /\\ / ___'_ __ _ _(_)_ __  __ _ \ \ \ \
( ( )\___ | '_ | '_| | '_ \/ _` | \ \ \ \
 \\/  ___)| |_)| | | | | || (_| |  ) ) ) )
  '  |____| .__|_| |_|_| |_\__, | / / / /
 =========|_|==============|___/=/_/_/_/
 :: Spring Boot ::                (v3.2.5)

2025-04-24T10:34:36.623+02:00  INFO 7516 --- [           main] e.u.i.p.Practica3ApplicationTests        : Starting Practica3ApplicationTests using Java 21.0.6 with PID 7516 (started by jcalc in C:\Users\jcalc\Documentos\Carrera\Cuarto\Sistemas-de-Informacion-para-Internet\Tema-4\Pruebas-JUnit\Ejemplo-practica\codigo-estudiantes)
2025-04-24T10:34:36.624+02:00  INFO 7516 --- [           main] e.u.i.p.Practica3ApplicationTests        : No active profile set, falling back to 1 default profile: "default"
2025-04-24T10:34:36.829+02:00  INFO 7516 --- [           main] .s.d.r.c.RepositoryConfigurationDelegate : Bootstrapping Spring Data JPA repositories in DEFAULT mode.
2025-04-24T10:34:36.843+02:00  INFO 7516 --- [           main] .s.d.r.c.RepositoryConfigurationDelegate : Finished Spring Data repository scanning in 13 ms. Found 2 JPA repository interfaces.
2025-04-24T10:34:36.915+02:00  INFO 7516 --- [           main] o.s.b.w.embedded.tomcat.TomcatWebServer  : Tomcat initialized with port 0 (http)
2025-04-24T10:34:36.917+02:00  INFO 7516 --- [           main] o.apache.catalina.core.StandardService   : Starting service [Tomcat]
2025-04-24T10:34:36.917+02:00  INFO 7516 --- [           main] o.apache.catalina.core.StandardEngine    : Starting Servlet engine: [Apache Tomcat/10.1.20]
2025-04-24T10:34:36.952+02:00  INFO 7516 --- [           main] o.a.c.c.C.[Tomcat].[localhost].[/]       : Initializing Spring embedded WebApplicationContext
2025-04-24T10:34:36.952+02:00  INFO 7516 --- [           main] w.s.c.ServletWebServerApplicationContext : Root WebApplicationContext: initialization completed in 325 ms
2025-04-24T10:34:36.967+02:00  INFO 7516 --- [           main] com.zaxxer.hikari.HikariDataSource       : HikariPool-19 - Starting...
2025-04-24T10:34:36.970+02:00  INFO 7516 --- [           main] com.zaxxer.hikari.pool.HikariPool        : HikariPool-19 - Added connection conn180: url=jdbc:h2:mem:test user=SA
2025-04-24T10:34:36.970+02:00  INFO 7516 --- [           main] com.zaxxer.hikari.HikariDataSource       : HikariPool-19 - Start completed.
2025-04-24T10:34:36.971+02:00  INFO 7516 --- [           main] o.s.b.a.h2.H2ConsoleAutoConfiguration    : H2 console available at '/h2-console'. Database available at 'jdbc:h2:mem:test'
2025-04-24T10:34:36.997+02:00  INFO 7516 --- [           main] o.hibernate.jpa.internal.util.LogHelper  : HHH000204: Processing PersistenceUnitInfo [name: default]
2025-04-24T10:34:37.001+02:00  INFO 7516 --- [           main] o.h.c.internal.RegionFactoryInitiator    : HHH000026: Second-level cache disabled
2025-04-24T10:34:37.008+02:00  INFO 7516 --- [           main] o.s.o.j.p.SpringPersistenceUnitInfo      : No LoadTimeWeaver setup: ignoring JPA class transformer
2025-04-24T10:34:37.009+02:00  WARN 7516 --- [           main] org.hibernate.orm.deprecation            : HHH90000025: H2Dialect does not need to be specified explicitly using 'hibernate.dialect' (remove the property setting and it will be selected by default)
2025-04-24T10:34:37.077+02:00  INFO 7516 --- [           main] o.h.e.t.j.p.i.JtaPlatformInitiator       : HHH000489: No JTA platform available (set 'hibernate.transaction.jta.platform' to enable JTA platform integration)
2025-04-24T10:34:37.089+02:00  INFO 7516 --- [           main] j.LocalContainerEntityManagerFactoryBean : Initialized JPA EntityManagerFactory for persistence unit 'default'
2025-04-24T10:34:37.145+02:00  WARN 7516 --- [           main] JpaBaseConfiguration$JpaWebConfiguration : spring.jpa.open-in-view is enabled by default. Therefore, database queries may be performed during view rendering. Explicitly configure spring.jpa.open-in-view to disable this warning
2025-04-24T10:34:37.275+02:00  INFO 7516 --- [           main] o.s.b.w.embedded.tomcat.TomcatWebServer  : Tomcat started on port 59800 (http) with context path ''
2025-04-24T10:34:37.279+02:00  INFO 7516 --- [           main] e.u.i.p.Practica3ApplicationTests        : Started Practica3ApplicationTests in 0.684 seconds (process running for 83.972)
2025-04-24T10:34:37.295+02:00  INFO 7516 --- [-auto-19-exec-1] o.a.c.c.C.[Tomcat].[localhost].[/]       : Initializing Spring DispatcherServlet 'dispatcherServlet'
2025-04-24T10:34:37.295+02:00  INFO 7516 --- [-auto-19-exec-1] o.s.web.servlet.DispatcherServlet        : Initializing Servlet 'dispatcherServlet'
2025-04-24T10:34:37.297+02:00  INFO 7516 --- [-auto-19-exec-1] o.s.web.servlet.DispatcherServlet        : Completed initialization in 2 ms
2025-04-24T10:34:37.335+02:00  INFO 7516 --- [           main] j.LocalContainerEntityManagerFactoryBean : Closing JPA EntityManagerFactory for persistence unit 'default'
2025-04-24T10:34:37.339+02:00  INFO 7516 --- [           main] com.zaxxer.hikari.HikariDataSource       : HikariPool-19 - Shutdown initiated...
2025-04-24T10:34:37.341+02:00  INFO 7516 --- [           main] com.zaxxer.hikari.HikariDataSource       : HikariPool-19 - Shutdown completed.
]]></system-out>
  </testcase>
  <testcase name="devuelveListaVaciaIngredientes" classname="es.uma.informatica.practica3.Practica3ApplicationTests$BaseDatosVacia" time="0.052">
    <system-out><![CDATA[
  .   ____          _            __ _ _
 /\\ / ___'_ __ _ _(_)_ __  __ _ \ \ \ \
( ( )\___ | '_ | '_| | '_ \/ _` | \ \ \ \
 \\/  ___)| |_)| | | | | || (_| |  ) ) ) )
  '  |____| .__|_| |_|_| |_\__, | / / / /
 =========|_|==============|___/=/_/_/_/
 :: Spring Boot ::                (v3.2.5)

2025-04-24T10:34:37.384+02:00  INFO 7516 --- [           main] e.u.i.p.Practica3ApplicationTests        : Starting Practica3ApplicationTests using Java 21.0.6 with PID 7516 (started by jcalc in C:\Users\jcalc\Documentos\Carrera\Cuarto\Sistemas-de-Informacion-para-Internet\Tema-4\Pruebas-JUnit\Ejemplo-practica\codigo-estudiantes)
2025-04-24T10:34:37.384+02:00  INFO 7516 --- [           main] e.u.i.p.Practica3ApplicationTests        : No active profile set, falling back to 1 default profile: "default"
2025-04-24T10:34:37.604+02:00  INFO 7516 --- [           main] .s.d.r.c.RepositoryConfigurationDelegate : Bootstrapping Spring Data JPA repositories in DEFAULT mode.
2025-04-24T10:34:37.620+02:00  INFO 7516 --- [           main] .s.d.r.c.RepositoryConfigurationDelegate : Finished Spring Data repository scanning in 15 ms. Found 2 JPA repository interfaces.
2025-04-24T10:34:37.698+02:00  INFO 7516 --- [           main] o.s.b.w.embedded.tomcat.TomcatWebServer  : Tomcat initialized with port 0 (http)
2025-04-24T10:34:37.699+02:00  INFO 7516 --- [           main] o.apache.catalina.core.StandardService   : Starting service [Tomcat]
2025-04-24T10:34:37.700+02:00  INFO 7516 --- [           main] o.apache.catalina.core.StandardEngine    : Starting Servlet engine: [Apache Tomcat/10.1.20]
2025-04-24T10:34:37.745+02:00  INFO 7516 --- [           main] o.a.c.c.C.[Tomcat].[localhost].[/]       : Initializing Spring embedded WebApplicationContext
2025-04-24T10:34:37.745+02:00  INFO 7516 --- [           main] w.s.c.ServletWebServerApplicationContext : Root WebApplicationContext: initialization completed in 359 ms
2025-04-24T10:34:37.760+02:00  INFO 7516 --- [           main] com.zaxxer.hikari.HikariDataSource       : HikariPool-20 - Starting...
2025-04-24T10:34:37.764+02:00  INFO 7516 --- [           main] com.zaxxer.hikari.pool.HikariPool        : HikariPool-20 - Added connection conn190: url=jdbc:h2:mem:test user=SA
2025-04-24T10:34:37.765+02:00  INFO 7516 --- [           main] com.zaxxer.hikari.HikariDataSource       : HikariPool-20 - Start completed.
2025-04-24T10:34:37.765+02:00  INFO 7516 --- [           main] o.s.b.a.h2.H2ConsoleAutoConfiguration    : H2 console available at '/h2-console'. Database available at 'jdbc:h2:mem:test'
2025-04-24T10:34:37.795+02:00  INFO 7516 --- [           main] o.hibernate.jpa.internal.util.LogHelper  : HHH000204: Processing PersistenceUnitInfo [name: default]
2025-04-24T10:34:37.800+02:00  INFO 7516 --- [           main] o.h.c.internal.RegionFactoryInitiator    : HHH000026: Second-level cache disabled
2025-04-24T10:34:37.808+02:00  INFO 7516 --- [           main] o.s.o.j.p.SpringPersistenceUnitInfo      : No LoadTimeWeaver setup: ignoring JPA class transformer
2025-04-24T10:34:37.810+02:00  WARN 7516 --- [           main] org.hibernate.orm.deprecation            : HHH90000025: H2Dialect does not need to be specified explicitly using 'hibernate.dialect' (remove the property setting and it will be selected by default)
2025-04-24T10:34:37.896+02:00  INFO 7516 --- [           main] o.h.e.t.j.p.i.JtaPlatformInitiator       : HHH000489: No JTA platform available (set 'hibernate.transaction.jta.platform' to enable JTA platform integration)
2025-04-24T10:34:37.909+02:00  INFO 7516 --- [           main] j.LocalContainerEntityManagerFactoryBean : Initialized JPA EntityManagerFactory for persistence unit 'default'
2025-04-24T10:34:37.996+02:00  WARN 7516 --- [           main] JpaBaseConfiguration$JpaWebConfiguration : spring.jpa.open-in-view is enabled by default. Therefore, database queries may be performed during view rendering. Explicitly configure spring.jpa.open-in-view to disable this warning
2025-04-24T10:34:38.111+02:00  INFO 7516 --- [           main] o.s.b.w.embedded.tomcat.TomcatWebServer  : Tomcat started on port 59803 (http) with context path ''
2025-04-24T10:34:38.115+02:00  INFO 7516 --- [           main] e.u.i.p.Practica3ApplicationTests        : Started Practica3ApplicationTests in 0.764 seconds (process running for 84.808)
2025-04-24T10:34:38.129+02:00  INFO 7516 --- [-auto-20-exec-1] o.a.c.c.C.[Tomcat].[localhost].[/]       : Initializing Spring DispatcherServlet 'dispatcherServlet'
2025-04-24T10:34:38.129+02:00  INFO 7516 --- [-auto-20-exec-1] o.s.web.servlet.DispatcherServlet        : Initializing Servlet 'dispatcherServlet'
2025-04-24T10:34:38.130+02:00  INFO 7516 --- [-auto-20-exec-1] o.s.web.servlet.DispatcherServlet        : Completed initialization in 1 ms
2025-04-24T10:34:38.157+02:00  INFO 7516 --- [           main] j.LocalContainerEntityManagerFactoryBean : Closing JPA EntityManagerFactory for persistence unit 'default'
2025-04-24T10:34:38.162+02:00  INFO 7516 --- [           main] com.zaxxer.hikari.HikariDataSource       : HikariPool-20 - Shutdown initiated...
2025-04-24T10:34:38.164+02:00  INFO 7516 --- [           main] com.zaxxer.hikari.HikariDataSource       : HikariPool-20 - Shutdown completed.
]]></system-out>
  </testcase>
  <testcase name="errorInsertarProductoConIngredientesInexistentes" classname="es.uma.informatica.practica3.Practica3ApplicationTests$BaseDatosVacia" time="0.069">
    <system-out><![CDATA[
  .   ____          _            __ _ _
 /\\ / ___'_ __ _ _(_)_ __  __ _ \ \ \ \
( ( )\___ | '_ | '_| | '_ \/ _` | \ \ \ \
 \\/  ___)| |_)| | | | | || (_| |  ) ) ) )
  '  |____| .__|_| |_|_| |_\__, | / / / /
 =========|_|==============|___/=/_/_/_/
 :: Spring Boot ::                (v3.2.5)

2025-04-24T10:34:38.211+02:00  INFO 7516 --- [           main] e.u.i.p.Practica3ApplicationTests        : Starting Practica3ApplicationTests using Java 21.0.6 with PID 7516 (started by jcalc in C:\Users\jcalc\Documentos\Carrera\Cuarto\Sistemas-de-Informacion-para-Internet\Tema-4\Pruebas-JUnit\Ejemplo-practica\codigo-estudiantes)
2025-04-24T10:34:38.212+02:00  INFO 7516 --- [           main] e.u.i.p.Practica3ApplicationTests        : No active profile set, falling back to 1 default profile: "default"
2025-04-24T10:34:38.427+02:00  INFO 7516 --- [           main] .s.d.r.c.RepositoryConfigurationDelegate : Bootstrapping Spring Data JPA repositories in DEFAULT mode.
2025-04-24T10:34:38.443+02:00  INFO 7516 --- [           main] .s.d.r.c.RepositoryConfigurationDelegate : Finished Spring Data repository scanning in 15 ms. Found 2 JPA repository interfaces.
2025-04-24T10:34:38.523+02:00  INFO 7516 --- [           main] o.s.b.w.embedded.tomcat.TomcatWebServer  : Tomcat initialized with port 0 (http)
2025-04-24T10:34:38.524+02:00  INFO 7516 --- [           main] o.apache.catalina.core.StandardService   : Starting service [Tomcat]
2025-04-24T10:34:38.525+02:00  INFO 7516 --- [           main] o.apache.catalina.core.StandardEngine    : Starting Servlet engine: [Apache Tomcat/10.1.20]
2025-04-24T10:34:38.563+02:00  INFO 7516 --- [           main] o.a.c.c.C.[Tomcat].[localhost].[/]       : Initializing Spring embedded WebApplicationContext
2025-04-24T10:34:38.563+02:00  INFO 7516 --- [           main] w.s.c.ServletWebServerApplicationContext : Root WebApplicationContext: initialization completed in 348 ms
2025-04-24T10:34:38.579+02:00  INFO 7516 --- [           main] com.zaxxer.hikari.HikariDataSource       : HikariPool-21 - Starting...
2025-04-24T10:34:38.582+02:00  INFO 7516 --- [           main] com.zaxxer.hikari.pool.HikariPool        : HikariPool-21 - Added connection conn200: url=jdbc:h2:mem:test user=SA
2025-04-24T10:34:38.583+02:00  INFO 7516 --- [           main] com.zaxxer.hikari.HikariDataSource       : HikariPool-21 - Start completed.
2025-04-24T10:34:38.583+02:00  INFO 7516 --- [           main] o.s.b.a.h2.H2ConsoleAutoConfiguration    : H2 console available at '/h2-console'. Database available at 'jdbc:h2:mem:test'
2025-04-24T10:34:38.612+02:00  INFO 7516 --- [           main] o.hibernate.jpa.internal.util.LogHelper  : HHH000204: Processing PersistenceUnitInfo [name: default]
2025-04-24T10:34:38.617+02:00  INFO 7516 --- [           main] o.h.c.internal.RegionFactoryInitiator    : HHH000026: Second-level cache disabled
2025-04-24T10:34:38.626+02:00  INFO 7516 --- [           main] o.s.o.j.p.SpringPersistenceUnitInfo      : No LoadTimeWeaver setup: ignoring JPA class transformer
2025-04-24T10:34:38.628+02:00  WARN 7516 --- [           main] org.hibernate.orm.deprecation            : HHH90000025: H2Dialect does not need to be specified explicitly using 'hibernate.dialect' (remove the property setting and it will be selected by default)
2025-04-24T10:34:38.707+02:00  INFO 7516 --- [           main] o.h.e.t.j.p.i.JtaPlatformInitiator       : HHH000489: No JTA platform available (set 'hibernate.transaction.jta.platform' to enable JTA platform integration)
2025-04-24T10:34:38.720+02:00  INFO 7516 --- [           main] j.LocalContainerEntityManagerFactoryBean : Initialized JPA EntityManagerFactory for persistence unit 'default'
2025-04-24T10:34:38.793+02:00  WARN 7516 --- [           main] JpaBaseConfiguration$JpaWebConfiguration : spring.jpa.open-in-view is enabled by default. Therefore, database queries may be performed during view rendering. Explicitly configure spring.jpa.open-in-view to disable this warning
2025-04-24T10:34:38.927+02:00  INFO 7516 --- [           main] o.s.b.w.embedded.tomcat.TomcatWebServer  : Tomcat started on port 59806 (http) with context path ''
2025-04-24T10:34:38.931+02:00  INFO 7516 --- [           main] e.u.i.p.Practica3ApplicationTests        : Started Practica3ApplicationTests in 0.755 seconds (process running for 85.624)
2025-04-24T10:34:38.947+02:00  INFO 7516 --- [-auto-21-exec-1] o.a.c.c.C.[Tomcat].[localhost].[/]       : Initializing Spring DispatcherServlet 'dispatcherServlet'
2025-04-24T10:34:38.948+02:00  INFO 7516 --- [-auto-21-exec-1] o.s.web.servlet.DispatcherServlet        : Initializing Servlet 'dispatcherServlet'
2025-04-24T10:34:38.949+02:00  INFO 7516 --- [-auto-21-exec-1] o.s.web.servlet.DispatcherServlet        : Completed initialization in 1 ms
2025-04-24T10:34:38.989+02:00  INFO 7516 --- [           main] j.LocalContainerEntityManagerFactoryBean : Closing JPA EntityManagerFactory for persistence unit 'default'
2025-04-24T10:34:38.995+02:00  INFO 7516 --- [           main] com.zaxxer.hikari.HikariDataSource       : HikariPool-21 - Shutdown initiated...
2025-04-24T10:34:38.997+02:00  INFO 7516 --- [           main] com.zaxxer.hikari.HikariDataSource       : HikariPool-21 - Shutdown completed.
]]></system-out>
  </testcase>
  <testcase name="errorConProductoConcreto" classname="es.uma.informatica.practica3.Practica3ApplicationTests$BaseDatosVacia" time="0.085">
    <system-out><![CDATA[
  .   ____          _            __ _ _
 /\\ / ___'_ __ _ _(_)_ __  __ _ \ \ \ \
( ( )\___ | '_ | '_| | '_ \/ _` | \ \ \ \
 \\/  ___)| |_)| | | | | || (_| |  ) ) ) )
  '  |____| .__|_| |_|_| |_\__, | / / / /
 =========|_|==============|___/=/_/_/_/
 :: Spring Boot ::                (v3.2.5)

2025-04-24T10:34:39.055+02:00  INFO 7516 --- [           main] e.u.i.p.Practica3ApplicationTests        : Starting Practica3ApplicationTests using Java 21.0.6 with PID 7516 (started by jcalc in C:\Users\jcalc\Documentos\Carrera\Cuarto\Sistemas-de-Informacion-para-Internet\Tema-4\Pruebas-JUnit\Ejemplo-practica\codigo-estudiantes)
2025-04-24T10:34:39.055+02:00  INFO 7516 --- [           main] e.u.i.p.Practica3ApplicationTests        : No active profile set, falling back to 1 default profile: "default"
2025-04-24T10:34:39.307+02:00  INFO 7516 --- [           main] .s.d.r.c.RepositoryConfigurationDelegate : Bootstrapping Spring Data JPA repositories in DEFAULT mode.
2025-04-24T10:34:39.326+02:00  INFO 7516 --- [           main] .s.d.r.c.RepositoryConfigurationDelegate : Finished Spring Data repository scanning in 17 ms. Found 2 JPA repository interfaces.
2025-04-24T10:34:39.420+02:00  INFO 7516 --- [           main] o.s.b.w.embedded.tomcat.TomcatWebServer  : Tomcat initialized with port 0 (http)
2025-04-24T10:34:39.423+02:00  INFO 7516 --- [           main] o.apache.catalina.core.StandardService   : Starting service [Tomcat]
2025-04-24T10:34:39.423+02:00  INFO 7516 --- [           main] o.apache.catalina.core.StandardEngine    : Starting Servlet engine: [Apache Tomcat/10.1.20]
2025-04-24T10:34:39.477+02:00  INFO 7516 --- [           main] o.a.c.c.C.[Tomcat].[localhost].[/]       : Initializing Spring embedded WebApplicationContext
2025-04-24T10:34:39.477+02:00  INFO 7516 --- [           main] w.s.c.ServletWebServerApplicationContext : Root WebApplicationContext: initialization completed in 419 ms
2025-04-24T10:34:39.496+02:00  INFO 7516 --- [           main] com.zaxxer.hikari.HikariDataSource       : HikariPool-22 - Starting...
2025-04-24T10:34:39.500+02:00  INFO 7516 --- [           main] com.zaxxer.hikari.pool.HikariPool        : HikariPool-22 - Added connection conn210: url=jdbc:h2:mem:test user=SA
2025-04-24T10:34:39.500+02:00  INFO 7516 --- [           main] com.zaxxer.hikari.HikariDataSource       : HikariPool-22 - Start completed.
2025-04-24T10:34:39.501+02:00  INFO 7516 --- [           main] o.s.b.a.h2.H2ConsoleAutoConfiguration    : H2 console available at '/h2-console'. Database available at 'jdbc:h2:mem:test'
2025-04-24T10:34:39.541+02:00  INFO 7516 --- [           main] o.hibernate.jpa.internal.util.LogHelper  : HHH000204: Processing PersistenceUnitInfo [name: default]
2025-04-24T10:34:39.547+02:00  INFO 7516 --- [           main] o.h.c.internal.RegionFactoryInitiator    : HHH000026: Second-level cache disabled
2025-04-24T10:34:39.557+02:00  INFO 7516 --- [           main] o.s.o.j.p.SpringPersistenceUnitInfo      : No LoadTimeWeaver setup: ignoring JPA class transformer
2025-04-24T10:34:39.560+02:00  WARN 7516 --- [           main] org.hibernate.orm.deprecation            : HHH90000025: H2Dialect does not need to be specified explicitly using 'hibernate.dialect' (remove the property setting and it will be selected by default)
2025-04-24T10:34:39.767+02:00  INFO 7516 --- [           main] o.h.e.t.j.p.i.JtaPlatformInitiator       : HHH000489: No JTA platform available (set 'hibernate.transaction.jta.platform' to enable JTA platform integration)
2025-04-24T10:34:39.799+02:00  INFO 7516 --- [           main] j.LocalContainerEntityManagerFactoryBean : Initialized JPA EntityManagerFactory for persistence unit 'default'
2025-04-24T10:34:39.887+02:00  WARN 7516 --- [           main] JpaBaseConfiguration$JpaWebConfiguration : spring.jpa.open-in-view is enabled by default. Therefore, database queries may be performed during view rendering. Explicitly configure spring.jpa.open-in-view to disable this warning
2025-04-24T10:34:40.065+02:00  INFO 7516 --- [           main] o.s.b.w.embedded.tomcat.TomcatWebServer  : Tomcat started on port 59809 (http) with context path ''
2025-04-24T10:34:40.071+02:00  INFO 7516 --- [           main] e.u.i.p.Practica3ApplicationTests        : Started Practica3ApplicationTests in 1.061 seconds (process running for 86.763)
2025-04-24T10:34:40.112+02:00  INFO 7516 --- [-auto-22-exec-1] o.a.c.c.C.[Tomcat].[localhost].[/]       : Initializing Spring DispatcherServlet 'dispatcherServlet'
2025-04-24T10:34:40.112+02:00  INFO 7516 --- [-auto-22-exec-1] o.s.web.servlet.DispatcherServlet        : Initializing Servlet 'dispatcherServlet'
2025-04-24T10:34:40.114+02:00  INFO 7516 --- [-auto-22-exec-1] o.s.web.servlet.DispatcherServlet        : Completed initialization in 2 ms
2025-04-24T10:34:40.145+02:00  INFO 7516 --- [           main] j.LocalContainerEntityManagerFactoryBean : Closing JPA EntityManagerFactory for persistence unit 'default'
2025-04-24T10:34:40.152+02:00  INFO 7516 --- [           main] com.zaxxer.hikari.HikariDataSource       : HikariPool-22 - Shutdown initiated...
2025-04-24T10:34:40.155+02:00  INFO 7516 --- [           main] com.zaxxer.hikari.HikariDataSource       : HikariPool-22 - Shutdown completed.
]]></system-out>
  </testcase>
  <testcase name="errorConIngredienteConcreto" classname="es.uma.informatica.practica3.Practica3ApplicationTests$BaseDatosVacia" time="0.058">
    <system-out><![CDATA[
  .   ____          _            __ _ _
 /\\ / ___'_ __ _ _(_)_ __  __ _ \ \ \ \
( ( )\___ | '_ | '_| | '_ \/ _` | \ \ \ \
 \\/  ___)| |_)| | | | | || (_| |  ) ) ) )
  '  |____| .__|_| |_|_| |_\__, | / / / /
 =========|_|==============|___/=/_/_/_/
 :: Spring Boot ::                (v3.2.5)

2025-04-24T10:34:40.209+02:00  INFO 7516 --- [           main] e.u.i.p.Practica3ApplicationTests        : Starting Practica3ApplicationTests using Java 21.0.6 with PID 7516 (started by jcalc in C:\Users\jcalc\Documentos\Carrera\Cuarto\Sistemas-de-Informacion-para-Internet\Tema-4\Pruebas-JUnit\Ejemplo-practica\codigo-estudiantes)
2025-04-24T10:34:40.209+02:00  INFO 7516 --- [           main] e.u.i.p.Practica3ApplicationTests        : No active profile set, falling back to 1 default profile: "default"
2025-04-24T10:34:40.431+02:00  INFO 7516 --- [           main] .s.d.r.c.RepositoryConfigurationDelegate : Bootstrapping Spring Data JPA repositories in DEFAULT mode.
2025-04-24T10:34:40.448+02:00  INFO 7516 --- [           main] .s.d.r.c.RepositoryConfigurationDelegate : Finished Spring Data repository scanning in 16 ms. Found 2 JPA repository interfaces.
2025-04-24T10:34:40.529+02:00  INFO 7516 --- [           main] o.s.b.w.embedded.tomcat.TomcatWebServer  : Tomcat initialized with port 0 (http)
2025-04-24T10:34:40.530+02:00  INFO 7516 --- [           main] o.apache.catalina.core.StandardService   : Starting service [Tomcat]
2025-04-24T10:34:40.531+02:00  INFO 7516 --- [           main] o.apache.catalina.core.StandardEngine    : Starting Servlet engine: [Apache Tomcat/10.1.20]
2025-04-24T10:34:40.570+02:00  INFO 7516 --- [           main] o.a.c.c.C.[Tomcat].[localhost].[/]       : Initializing Spring embedded WebApplicationContext
2025-04-24T10:34:40.570+02:00  INFO 7516 --- [           main] w.s.c.ServletWebServerApplicationContext : Root WebApplicationContext: initialization completed in 358 ms
2025-04-24T10:34:40.586+02:00  INFO 7516 --- [           main] com.zaxxer.hikari.HikariDataSource       : HikariPool-23 - Starting...
2025-04-24T10:34:40.590+02:00  INFO 7516 --- [           main] com.zaxxer.hikari.pool.HikariPool        : HikariPool-23 - Added connection conn220: url=jdbc:h2:mem:test user=SA
2025-04-24T10:34:40.590+02:00  INFO 7516 --- [           main] com.zaxxer.hikari.HikariDataSource       : HikariPool-23 - Start completed.
2025-04-24T10:34:40.590+02:00  INFO 7516 --- [           main] o.s.b.a.h2.H2ConsoleAutoConfiguration    : H2 console available at '/h2-console'. Database available at 'jdbc:h2:mem:test'
2025-04-24T10:34:40.623+02:00  INFO 7516 --- [           main] o.hibernate.jpa.internal.util.LogHelper  : HHH000204: Processing PersistenceUnitInfo [name: default]
2025-04-24T10:34:40.628+02:00  INFO 7516 --- [           main] o.h.c.internal.RegionFactoryInitiator    : HHH000026: Second-level cache disabled
2025-04-24T10:34:40.637+02:00  INFO 7516 --- [           main] o.s.o.j.p.SpringPersistenceUnitInfo      : No LoadTimeWeaver setup: ignoring JPA class transformer
2025-04-24T10:34:40.639+02:00  WARN 7516 --- [           main] org.hibernate.orm.deprecation            : HHH90000025: H2Dialect does not need to be specified explicitly using 'hibernate.dialect' (remove the property setting and it will be selected by default)
2025-04-24T10:34:40.718+02:00  INFO 7516 --- [           main] o.h.e.t.j.p.i.JtaPlatformInitiator       : HHH000489: No JTA platform available (set 'hibernate.transaction.jta.platform' to enable JTA platform integration)
2025-04-24T10:34:40.732+02:00  INFO 7516 --- [           main] j.LocalContainerEntityManagerFactoryBean : Initialized JPA EntityManagerFactory for persistence unit 'default'
2025-04-24T10:34:40.800+02:00  WARN 7516 --- [           main] JpaBaseConfiguration$JpaWebConfiguration : spring.jpa.open-in-view is enabled by default. Therefore, database queries may be performed during view rendering. Explicitly configure spring.jpa.open-in-view to disable this warning
2025-04-24T10:34:40.961+02:00  INFO 7516 --- [           main] o.s.b.w.embedded.tomcat.TomcatWebServer  : Tomcat started on port 59812 (http) with context path ''
2025-04-24T10:34:40.965+02:00  INFO 7516 --- [           main] e.u.i.p.Practica3ApplicationTests        : Started Practica3ApplicationTests in 0.798 seconds (process running for 87.658)
2025-04-24T10:34:40.984+02:00  INFO 7516 --- [-auto-23-exec-1] o.a.c.c.C.[Tomcat].[localhost].[/]       : Initializing Spring DispatcherServlet 'dispatcherServlet'
2025-04-24T10:34:40.984+02:00  INFO 7516 --- [-auto-23-exec-1] o.s.web.servlet.DispatcherServlet        : Initializing Servlet 'dispatcherServlet'
2025-04-24T10:34:40.985+02:00  INFO 7516 --- [-auto-23-exec-1] o.s.web.servlet.DispatcherServlet        : Completed initialization in 1 ms
2025-04-24T10:34:41.017+02:00  INFO 7516 --- [           main] j.LocalContainerEntityManagerFactoryBean : Closing JPA EntityManagerFactory for persistence unit 'default'
2025-04-24T10:34:41.020+02:00  INFO 7516 --- [           main] com.zaxxer.hikari.HikariDataSource       : HikariPool-23 - Shutdown initiated...
2025-04-24T10:34:41.022+02:00  INFO 7516 --- [           main] com.zaxxer.hikari.HikariDataSource       : HikariPool-23 - Shutdown completed.
]]></system-out>
  </testcase>
</testsuite>