<?xml version="1.0" encoding="UTF-8"?>
<testsuite xmlns:xsi="http://www.w3.org/2001/XMLSchema-instance" xsi:noNamespaceSchemaLocation="https://maven.apache.org/surefire/maven-surefire-plugin/xsd/surefire-test-report-3.0.xsd" version="3.0" name="es.uma.informatica.practica3.Practica3ApplicationTests$ConIngredientes" time="10.517" tests="9" errors="0" skipped="0" failures="0">
  <properties>
[...]
</properties>
  <testcase name="errorInsertarProductoConIngredienteInvalido" classname="es.uma.informatica.practica3.Practica3ApplicationTests$ConIngredientes" time="0.095">
    <system-out><![CDATA[2025-04-24T10:34:25.202+02:00  INFO 7516 --- [           main] t.c.s.AnnotationConfigContextLoaderUtils : Could not detect default configuration classes for test class [es.uma.informatica.practica3.Practica3ApplicationTests$ConIngredientes]: ConIngredientes does not declare any static, non-private, non-final, nested classes annotated with @Configuration.
2025-04-24T10:34:25.213+02:00  INFO 7516 --- [           main] .b.t.c.SpringBootTestContextBootstrapper : Found @SpringBootConfiguration es.uma.informatica.practica3.Practica3Application for test class es.uma.informatica.practica3.Practica3ApplicationTests$ConIngredientes

  .   ____          _            __ _ _
 /\\ / ___'_ __ _ _(_)_ __  __ _ \ \ \ \
( ( )\___ | '_ | '_| | '_ \/ _` | \ \ \ \
 \\/  ___)| |_)| | | | | || (_| |  ) ) ) )
  '  |____| .__|_| |_|_| |_\__, | / / / /
 =========|_|==============|___/=/_/_/_/
 :: Spring Boot ::                (v3.2.5)

2025-04-24T10:34:25.331+02:00  INFO 7516 --- [           main] e.u.i.p.Practica3ApplicationTests        : Starting Practica3ApplicationTests using Java 21.0.6 with PID 7516 (started by jcalc in C:\Users\jcalc\Documentos\Carrera\Cuarto\Sistemas-de-Informacion-para-Internet\Tema-4\Pruebas-JUnit\Ejemplo-practica\codigo-estudiantes)
2025-04-24T10:34:25.332+02:00  INFO 7516 --- [           main] e.u.i.p.Practica3ApplicationTests        : No active profile set, falling back to 1 default profile: "default"
2025-04-24T10:34:25.877+02:00  INFO 7516 --- [           main] .s.d.r.c.RepositoryConfigurationDelegate : Bootstrapping Spring Data JPA repositories in DEFAULT mode.
2025-04-24T10:34:25.904+02:00  INFO 7516 --- [           main] .s.d.r.c.RepositoryConfigurationDelegate : Finished Spring Data repository scanning in 26 ms. Found 2 JPA repository interfaces.
2025-04-24T10:34:26.077+02:00  INFO 7516 --- [           main] o.s.b.w.embedded.tomcat.TomcatWebServer  : Tomcat initialized with port 0 (http)
2025-04-24T10:34:26.080+02:00  INFO 7516 --- [           main] o.apache.catalina.core.StandardService   : Starting service [Tomcat]
2025-04-24T10:34:26.081+02:00  INFO 7516 --- [           main] o.apache.catalina.core.StandardEngine    : Starting Servlet engine: [Apache Tomcat/10.1.20]
2025-04-24T10:34:26.161+02:00  INFO 7516 --- [           main] o.a.c.c.C.[Tomcat].[localhost].[/]       : Initializing Spring embedded WebApplicationContext
2025-04-24T10:34:26.162+02:00  INFO 7516 --- [           main] w.s.c.ServletWebServerApplicationContext : Root WebApplicationContext: initialization completed in 821 ms
2025-04-24T10:34:26.205+02:00  INFO 7516 --- [           main] com.zaxxer.hikari.HikariDataSource       : HikariPool-9 - Starting...
2025-04-24T10:34:26.214+02:00  INFO 7516 --- [           main] com.zaxxer.hikari.pool.HikariPool        : HikariPool-9 - Added connection conn80: url=jdbc:h2:mem:test user=SA
2025-04-24T10:34:26.215+02:00  INFO 7516 --- [           main] com.zaxxer.hikari.HikariDataSource       : HikariPool-9 - Start completed.
2025-04-24T10:34:26.216+02:00  INFO 7516 --- [           main] o.s.b.a.h2.H2ConsoleAutoConfiguration    : H2 console available at '/h2-console'. Database available at 'jdbc:h2:mem:test'
2025-04-24T10:34:26.280+02:00  INFO 7516 --- [           main] o.hibernate.jpa.internal.util.LogHelper  : HHH000204: Processing PersistenceUnitInfo [name: default]
2025-04-24T10:34:26.289+02:00  INFO 7516 --- [           main] o.h.c.internal.RegionFactoryInitiator    : HHH000026: Second-level cache disabled
2025-04-24T10:34:26.307+02:00  INFO 7516 --- [           main] o.s.o.j.p.SpringPersistenceUnitInfo      : No LoadTimeWeaver setup: ignoring JPA class transformer
2025-04-24T10:34:26.311+02:00  WARN 7516 --- [           main] org.hibernate.orm.deprecation            : HHH90000025: H2Dialect does not need to be specified explicitly using 'hibernate.dialect' (remove the property setting and it will be selected by default)
2025-04-24T10:34:26.488+02:00  INFO 7516 --- [           main] o.h.e.t.j.p.i.JtaPlatformInitiator       : HHH000489: No JTA platform available (set 'hibernate.transaction.jta.platform' to enable JTA platform integration)
2025-04-24T10:34:26.517+02:00  INFO 7516 --- [           main] j.LocalContainerEntityManagerFactoryBean : Initialized JPA EntityManagerFactory for persistence unit 'default'
2025-04-24T10:34:26.619+02:00  WARN 7516 --- [           main] JpaBaseConfiguration$JpaWebConfiguration : spring.jpa.open-in-view is enabled by default. Therefore, database queries may be performed during view rendering. Explicitly configure spring.jpa.open-in-view to disable this warning
2025-04-24T10:34:26.838+02:00  INFO 7516 --- [           main] o.s.b.w.embedded.tomcat.TomcatWebServer  : Tomcat started on port 59770 (http) with context path ''
2025-04-24T10:34:26.844+02:00  INFO 7516 --- [           main] e.u.i.p.Practica3ApplicationTests        : Started Practica3ApplicationTests in 1.614 seconds (process running for 73.536)
2025-04-24T10:34:26.875+02:00  INFO 7516 --- [o-auto-9-exec-1] o.a.c.c.C.[Tomcat].[localhost].[/]       : Initializing Spring DispatcherServlet 'dispatcherServlet'
2025-04-24T10:34:26.876+02:00  INFO 7516 --- [o-auto-9-exec-1] o.s.web.servlet.DispatcherServlet        : Initializing Servlet 'dispatcherServlet'
2025-04-24T10:34:26.878+02:00  INFO 7516 --- [o-auto-9-exec-1] o.s.web.servlet.DispatcherServlet        : Completed initialization in 2 ms
2025-04-24T10:34:26.932+02:00  INFO 7516 --- [           main] j.LocalContainerEntityManagerFactoryBean : Closing JPA EntityManagerFactory for persistence unit 'default'
2025-04-24T10:34:26.940+02:00  INFO 7516 --- [           main] com.zaxxer.hikari.HikariDataSource       : HikariPool-9 - Shutdown initiated...
2025-04-24T10:34:26.943+02:00  INFO 7516 --- [           main] com.zaxxer.hikari.HikariDataSource       : HikariPool-9 - Shutdown completed.
]]></system-out>
  </testcase>
  <testcase name="actualizaIngrediente" classname="es.uma.informatica.practica3.Practica3ApplicationTests$ConIngredientes" time="0.114">
    <system-out><![CDATA[
  .   ____          _            __ _ _
 /\\ / ___'_ __ _ _(_)_ __  __ _ \ \ \ \
( ( )\___ | '_ | '_| | '_ \/ _` | \ \ \ \
 \\/  ___)| |_)| | | | | || (_| |  ) ) ) )
  '  |____| .__|_| |_|_| |_\__, | / / / /
 =========|_|==============|___/=/_/_/_/
 :: Spring Boot ::                (v3.2.5)

2025-04-24T10:34:27.009+02:00  INFO 7516 --- [           main] e.u.i.p.Practica3ApplicationTests        : Starting Practica3ApplicationTests using Java 21.0.6 with PID 7516 (started by jcalc in C:\Users\jcalc\Documentos\Carrera\Cuarto\Sistemas-de-Informacion-para-Internet\Tema-4\Pruebas-JUnit\Ejemplo-practica\codigo-estudiantes)
2025-04-24T10:34:27.009+02:00  INFO 7516 --- [           main] e.u.i.p.Practica3ApplicationTests        : No active profile set, falling back to 1 default profile: "default"
2025-04-24T10:34:27.356+02:00  INFO 7516 --- [           main] .s.d.r.c.RepositoryConfigurationDelegate : Bootstrapping Spring Data JPA repositories in DEFAULT mode.
2025-04-24T10:34:27.377+02:00  INFO 7516 --- [           main] .s.d.r.c.RepositoryConfigurationDelegate : Finished Spring Data repository scanning in 20 ms. Found 2 JPA repository interfaces.
2025-04-24T10:34:27.508+02:00  INFO 7516 --- [           main] o.s.b.w.embedded.tomcat.TomcatWebServer  : Tomcat initialized with port 0 (http)
2025-04-24T10:34:27.511+02:00  INFO 7516 --- [           main] o.apache.catalina.core.StandardService   : Starting service [Tomcat]
2025-04-24T10:34:27.512+02:00  INFO 7516 --- [           main] o.apache.catalina.core.StandardEngine    : Starting Servlet engine: [Apache Tomcat/10.1.20]
2025-04-24T10:34:27.573+02:00  INFO 7516 --- [           main] o.a.c.c.C.[Tomcat].[localhost].[/]       : Initializing Spring embedded WebApplicationContext
2025-04-24T10:34:27.574+02:00  INFO 7516 --- [           main] w.s.c.ServletWebServerApplicationContext : Root WebApplicationContext: initialization completed in 561 ms
2025-04-24T10:34:27.600+02:00  INFO 7516 --- [           main] com.zaxxer.hikari.HikariDataSource       : HikariPool-10 - Starting...
2025-04-24T10:34:27.605+02:00  INFO 7516 --- [           main] com.zaxxer.hikari.pool.HikariPool        : HikariPool-10 - Added connection conn90: url=jdbc:h2:mem:test user=SA
2025-04-24T10:34:27.606+02:00  INFO 7516 --- [           main] com.zaxxer.hikari.HikariDataSource       : HikariPool-10 - Start completed.
2025-04-24T10:34:27.606+02:00  INFO 7516 --- [           main] o.s.b.a.h2.H2ConsoleAutoConfiguration    : H2 console available at '/h2-console'. Database available at 'jdbc:h2:mem:test'
2025-04-24T10:34:27.649+02:00  INFO 7516 --- [           main] o.hibernate.jpa.internal.util.LogHelper  : HHH000204: Processing PersistenceUnitInfo [name: default]
2025-04-24T10:34:27.655+02:00  INFO 7516 --- [           main] o.h.c.internal.RegionFactoryInitiator    : HHH000026: Second-level cache disabled
2025-04-24T10:34:27.666+02:00  INFO 7516 --- [           main] o.s.o.j.p.SpringPersistenceUnitInfo      : No LoadTimeWeaver setup: ignoring JPA class transformer
2025-04-24T10:34:27.669+02:00  WARN 7516 --- [           main] org.hibernate.orm.deprecation            : HHH90000025: H2Dialect does not need to be specified explicitly using 'hibernate.dialect' (remove the property setting and it will be selected by default)
2025-04-24T10:34:27.808+02:00  INFO 7516 --- [           main] o.h.e.t.j.p.i.JtaPlatformInitiator       : HHH000489: No JTA platform available (set 'hibernate.transaction.jta.platform' to enable JTA platform integration)
2025-04-24T10:34:27.831+02:00  INFO 7516 --- [           main] j.LocalContainerEntityManagerFactoryBean : Initialized JPA EntityManagerFactory for persistence unit 'default'
2025-04-24T10:34:27.919+02:00  WARN 7516 --- [           main] JpaBaseConfiguration$JpaWebConfiguration : spring.jpa.open-in-view is enabled by default. Therefore, database queries may be performed during view rendering. Explicitly configure spring.jpa.open-in-view to disable this warning
2025-04-24T10:34:28.095+02:00  INFO 7516 --- [           main] o.s.b.w.embedded.tomcat.TomcatWebServer  : Tomcat started on port 59773 (http) with context path ''
2025-04-24T10:34:28.100+02:00  INFO 7516 --- [           main] e.u.i.p.Practica3ApplicationTests        : Started Practica3ApplicationTests in 1.143 seconds (process running for 74.793)
2025-04-24T10:34:28.128+02:00  INFO 7516 --- [-auto-10-exec-1] o.a.c.c.C.[Tomcat].[localhost].[/]       : Initializing Spring DispatcherServlet 'dispatcherServlet'
2025-04-24T10:34:28.128+02:00  INFO 7516 --- [-auto-10-exec-1] o.s.web.servlet.DispatcherServlet        : Initializing Servlet 'dispatcherServlet'
2025-04-24T10:34:28.130+02:00  INFO 7516 --- [-auto-10-exec-1] o.s.web.servlet.DispatcherServlet        : Completed initialization in 1 ms
2025-04-24T10:34:28.199+02:00  INFO 7516 --- [           main] j.LocalContainerEntityManagerFactoryBean : Closing JPA EntityManagerFactory for persistence unit 'default'
2025-04-24T10:34:28.208+02:00  INFO 7516 --- [           main] com.zaxxer.hikari.HikariDataSource       : HikariPool-10 - Shutdown initiated...
2025-04-24T10:34:28.211+02:00  INFO 7516 --- [           main] com.zaxxer.hikari.HikariDataSource       : HikariPool-10 - Shutdown completed.
]]></system-out>
  </testcase>
  <testcase name="obtieneTodosLosIngredientes" classname="es.uma.informatica.practica3.Practica3ApplicationTests$ConIngredientes" time="0.105">
    <system-out><![CDATA[
  .   ____          _            __ _ _
 /\\ / ___'_ __ _ _(_)_ __  __ _ \ \ \ \
( ( )\___ | '_ | '_| | '_ \/ _` | \ \ \ \
 \\/  ___)| |_)| | | | | || (_| |  ) ) ) )
  '  |____| .__|_| |_|_| |_\__, | / / / /
 =========|_|==============|___/=/_/_/_/
 :: Spring Boot ::                (v3.2.5)

2025-04-24T10:34:28.285+02:00  INFO 7516 --- [           main] e.u.i.p.Practica3ApplicationTests        : Starting Practica3ApplicationTests using Java 21.0.6 with PID 7516 (started by jcalc in C:\Users\jcalc\Documentos\Carrera\Cuarto\Sistemas-de-Informacion-para-Internet\Tema-4\Pruebas-JUnit\Ejemplo-practica\codigo-estudiantes)
2025-04-24T10:34:28.286+02:00  INFO 7516 --- [           main] e.u.i.p.Practica3ApplicationTests        : No active profile set, falling back to 1 default profile: "default"
2025-04-24T10:34:28.606+02:00  INFO 7516 --- [           main] .s.d.r.c.RepositoryConfigurationDelegate : Bootstrapping Spring Data JPA repositories in DEFAULT mode.
2025-04-24T10:34:28.629+02:00  INFO 7516 --- [           main] .s.d.r.c.RepositoryConfigurationDelegate : Finished Spring Data repository scanning in 23 ms. Found 2 JPA repository interfaces.
2025-04-24T10:34:28.754+02:00  INFO 7516 --- [           main] o.s.b.w.embedded.tomcat.TomcatWebServer  : Tomcat initialized with port 0 (http)
2025-04-24T10:34:28.757+02:00  INFO 7516 --- [           main] o.apache.catalina.core.StandardService   : Starting service [Tomcat]
2025-04-24T10:34:28.757+02:00  INFO 7516 --- [           main] o.apache.catalina.core.StandardEngine    : Starting Servlet engine: [Apache Tomcat/10.1.20]
2025-04-24T10:34:28.835+02:00  INFO 7516 --- [           main] o.a.c.c.C.[Tomcat].[localhost].[/]       : Initializing Spring embedded WebApplicationContext
2025-04-24T10:34:28.836+02:00  INFO 7516 --- [           main] w.s.c.ServletWebServerApplicationContext : Root WebApplicationContext: initialization completed in 547 ms
2025-04-24T10:34:28.870+02:00  INFO 7516 --- [           main] com.zaxxer.hikari.HikariDataSource       : HikariPool-11 - Starting...
2025-04-24T10:34:28.876+02:00  INFO 7516 --- [           main] com.zaxxer.hikari.pool.HikariPool        : HikariPool-11 - Added connection conn100: url=jdbc:h2:mem:test user=SA
2025-04-24T10:34:28.877+02:00  INFO 7516 --- [           main] com.zaxxer.hikari.HikariDataSource       : HikariPool-11 - Start completed.
2025-04-24T10:34:28.877+02:00  INFO 7516 --- [           main] o.s.b.a.h2.H2ConsoleAutoConfiguration    : H2 console available at '/h2-console'. Database available at 'jdbc:h2:mem:test'
2025-04-24T10:34:28.923+02:00  INFO 7516 --- [           main] o.hibernate.jpa.internal.util.LogHelper  : HHH000204: Processing PersistenceUnitInfo [name: default]
2025-04-24T10:34:28.930+02:00  INFO 7516 --- [           main] o.h.c.internal.RegionFactoryInitiator    : HHH000026: Second-level cache disabled
2025-04-24T10:34:28.941+02:00  INFO 7516 --- [           main] o.s.o.j.p.SpringPersistenceUnitInfo      : No LoadTimeWeaver setup: ignoring JPA class transformer
2025-04-24T10:34:28.944+02:00  WARN 7516 --- [           main] org.hibernate.orm.deprecation            : HHH90000025: H2Dialect does not need to be specified explicitly using 'hibernate.dialect' (remove the property setting and it will be selected by default)
2025-04-24T10:34:29.093+02:00  INFO 7516 --- [           main] o.h.e.t.j.p.i.JtaPlatformInitiator       : HHH000489: No JTA platform available (set 'hibernate.transaction.jta.platform' to enable JTA platform integration)
2025-04-24T10:34:29.114+02:00  INFO 7516 --- [           main] j.LocalContainerEntityManagerFactoryBean : Initialized JPA EntityManagerFactory for persistence unit 'default'
2025-04-24T10:34:29.197+02:00  WARN 7516 --- [           main] JpaBaseConfiguration$JpaWebConfiguration : spring.jpa.open-in-view is enabled by default. Therefore, database queries may be performed during view rendering. Explicitly configure spring.jpa.open-in-view to disable this warning
2025-04-24T10:34:29.386+02:00  INFO 7516 --- [           main] o.s.b.w.embedded.tomcat.TomcatWebServer  : Tomcat started on port 59776 (http) with context path ''
2025-04-24T10:34:29.392+02:00  INFO 7516 --- [           main] e.u.i.p.Practica3ApplicationTests        : Started Practica3ApplicationTests in 1.165 seconds (process running for 76.084)
2025-04-24T10:34:29.430+02:00  INFO 7516 --- [-auto-11-exec-1] o.a.c.c.C.[Tomcat].[localhost].[/]       : Initializing Spring DispatcherServlet 'dispatcherServlet'
2025-04-24T10:34:29.431+02:00  INFO 7516 --- [-auto-11-exec-1] o.s.web.servlet.DispatcherServlet        : Initializing Servlet 'dispatcherServlet'
2025-04-24T10:34:29.432+02:00  INFO 7516 --- [-auto-11-exec-1] o.s.web.servlet.DispatcherServlet        : Completed initialization in 1 ms
2025-04-24T10:34:29.486+02:00  INFO 7516 --- [           main] j.LocalContainerEntityManagerFactoryBean : Closing JPA EntityManagerFactory for persistence unit 'default'
2025-04-24T10:34:29.494+02:00  INFO 7516 --- [           main] com.zaxxer.hikari.HikariDataSource       : HikariPool-11 - Shutdown initiated...
2025-04-24T10:34:29.497+02:00  INFO 7516 --- [           main] com.zaxxer.hikari.HikariDataSource       : HikariPool-11 - Shutdown completed.
]]></system-out>
  </testcase>
  <testcase name="errorEliminarIngredienteInexistente" classname="es.uma.informatica.practica3.Practica3ApplicationTests$ConIngredientes" time="0.062">
    <system-out><![CDATA[
  .   ____          _            __ _ _
 /\\ / ___'_ __ _ _(_)_ __  __ _ \ \ \ \
( ( )\___ | '_ | '_| | '_ \/ _` | \ \ \ \
 \\/  ___)| |_)| | | | | || (_| |  ) ) ) )
  '  |____| .__|_| |_|_| |_\__, | / / / /
 =========|_|==============|___/=/_/_/_/
 :: Spring Boot ::                (v3.2.5)

2025-04-24T10:34:29.561+02:00  INFO 7516 --- [           main] e.u.i.p.Practica3ApplicationTests        : Starting Practica3ApplicationTests using Java 21.0.6 with PID 7516 (started by jcalc in C:\Users\jcalc\Documentos\Carrera\Cuarto\Sistemas-de-Informacion-para-Internet\Tema-4\Pruebas-JUnit\Ejemplo-practica\codigo-estudiantes)
2025-04-24T10:34:29.562+02:00  INFO 7516 --- [           main] e.u.i.p.Practica3ApplicationTests        : No active profile set, falling back to 1 default profile: "default"
2025-04-24T10:34:29.872+02:00  INFO 7516 --- [           main] .s.d.r.c.RepositoryConfigurationDelegate : Bootstrapping Spring Data JPA repositories in DEFAULT mode.
2025-04-24T10:34:29.895+02:00  INFO 7516 --- [           main] .s.d.r.c.RepositoryConfigurationDelegate : Finished Spring Data repository scanning in 22 ms. Found 2 JPA repository interfaces.
2025-04-24T10:34:30.004+02:00  INFO 7516 --- [           main] o.s.b.w.embedded.tomcat.TomcatWebServer  : Tomcat initialized with port 0 (http)
2025-04-24T10:34:30.006+02:00  INFO 7516 --- [           main] o.apache.catalina.core.StandardService   : Starting service [Tomcat]
2025-04-24T10:34:30.006+02:00  INFO 7516 --- [           main] o.apache.catalina.core.StandardEngine    : Starting Servlet engine: [Apache Tomcat/10.1.20]
2025-04-24T10:34:30.069+02:00  INFO 7516 --- [           main] o.a.c.c.C.[Tomcat].[localhost].[/]       : Initializing Spring embedded WebApplicationContext
2025-04-24T10:34:30.070+02:00  INFO 7516 --- [           main] w.s.c.ServletWebServerApplicationContext : Root WebApplicationContext: initialization completed in 503 ms
2025-04-24T10:34:30.090+02:00  INFO 7516 --- [           main] com.zaxxer.hikari.HikariDataSource       : HikariPool-12 - Starting...
2025-04-24T10:34:30.094+02:00  INFO 7516 --- [           main] com.zaxxer.hikari.pool.HikariPool        : HikariPool-12 - Added connection conn110: url=jdbc:h2:mem:test user=SA
2025-04-24T10:34:30.095+02:00  INFO 7516 --- [           main] com.zaxxer.hikari.HikariDataSource       : HikariPool-12 - Start completed.
2025-04-24T10:34:30.095+02:00  INFO 7516 --- [           main] o.s.b.a.h2.H2ConsoleAutoConfiguration    : H2 console available at '/h2-console'. Database available at 'jdbc:h2:mem:test'
2025-04-24T10:34:30.130+02:00  INFO 7516 --- [           main] o.hibernate.jpa.internal.util.LogHelper  : HHH000204: Processing PersistenceUnitInfo [name: default]
2025-04-24T10:34:30.136+02:00  INFO 7516 --- [           main] o.h.c.internal.RegionFactoryInitiator    : HHH000026: Second-level cache disabled
2025-04-24T10:34:30.144+02:00  INFO 7516 --- [           main] o.s.o.j.p.SpringPersistenceUnitInfo      : No LoadTimeWeaver setup: ignoring JPA class transformer
2025-04-24T10:34:30.147+02:00  WARN 7516 --- [           main] org.hibernate.orm.deprecation            : HHH90000025: H2Dialect does not need to be specified explicitly using 'hibernate.dialect' (remove the property setting and it will be selected by default)
2025-04-24T10:34:30.260+02:00  INFO 7516 --- [           main] o.h.e.t.j.p.i.JtaPlatformInitiator       : HHH000489: No JTA platform available (set 'hibernate.transaction.jta.platform' to enable JTA platform integration)
2025-04-24T10:34:30.277+02:00  INFO 7516 --- [           main] j.LocalContainerEntityManagerFactoryBean : Initialized JPA EntityManagerFactory for persistence unit 'default'
2025-04-24T10:34:30.348+02:00  WARN 7516 --- [           main] JpaBaseConfiguration$JpaWebConfiguration : spring.jpa.open-in-view is enabled by default. Therefore, database queries may be performed during view rendering. Explicitly configure spring.jpa.open-in-view to disable this warning
2025-04-24T10:34:30.497+02:00  INFO 7516 --- [           main] o.s.b.w.embedded.tomcat.TomcatWebServer  : Tomcat started on port 59779 (http) with context path ''
2025-04-24T10:34:30.501+02:00  INFO 7516 --- [           main] e.u.i.p.Practica3ApplicationTests        : Started Practica3ApplicationTests in 0.991 seconds (process running for 77.194)
2025-04-24T10:34:30.515+02:00  INFO 7516 --- [-auto-12-exec-1] o.a.c.c.C.[Tomcat].[localhost].[/]       : Initializing Spring DispatcherServlet 'dispatcherServlet'
2025-04-24T10:34:30.515+02:00  INFO 7516 --- [-auto-12-exec-1] o.s.web.servlet.DispatcherServlet        : Initializing Servlet 'dispatcherServlet'
2025-04-24T10:34:30.517+02:00  INFO 7516 --- [-auto-12-exec-1] o.s.web.servlet.DispatcherServlet        : Completed initialization in 2 ms
2025-04-24T10:34:30.554+02:00  INFO 7516 --- [           main] j.LocalContainerEntityManagerFactoryBean : Closing JPA EntityManagerFactory for persistence unit 'default'
2025-04-24T10:34:30.559+02:00  INFO 7516 --- [           main] com.zaxxer.hikari.HikariDataSource       : HikariPool-12 - Shutdown initiated...
2025-04-24T10:34:30.562+02:00  INFO 7516 --- [           main] com.zaxxer.hikari.HikariDataSource       : HikariPool-12 - Shutdown completed.
]]></system-out>
  </testcase>
  <testcase name="errorInsertarIngredienteConNombreRepetido" classname="es.uma.informatica.practica3.Practica3ApplicationTests$ConIngredientes" time="0.074">
    <system-out><![CDATA[
  .   ____          _            __ _ _
 /\\ / ___'_ __ _ _(_)_ __  __ _ \ \ \ \
( ( )\___ | '_ | '_| | '_ \/ _` | \ \ \ \
 \\/  ___)| |_)| | | | | || (_| |  ) ) ) )
  '  |____| .__|_| |_|_| |_\__, | / / / /
 =========|_|==============|___/=/_/_/_/
 :: Spring Boot ::                (v3.2.5)

2025-04-24T10:34:30.620+02:00  INFO 7516 --- [           main] e.u.i.p.Practica3ApplicationTests        : Starting Practica3ApplicationTests using Java 21.0.6 with PID 7516 (started by jcalc in C:\Users\jcalc\Documentos\Carrera\Cuarto\Sistemas-de-Informacion-para-Internet\Tema-4\Pruebas-JUnit\Ejemplo-practica\codigo-estudiantes)
2025-04-24T10:34:30.620+02:00  INFO 7516 --- [           main] e.u.i.p.Practica3ApplicationTests        : No active profile set, falling back to 1 default profile: "default"
2025-04-24T10:34:30.901+02:00  INFO 7516 --- [           main] .s.d.r.c.RepositoryConfigurationDelegate : Bootstrapping Spring Data JPA repositories in DEFAULT mode.
2025-04-24T10:34:30.920+02:00  INFO 7516 --- [           main] .s.d.r.c.RepositoryConfigurationDelegate : Finished Spring Data repository scanning in 19 ms. Found 2 JPA repository interfaces.
2025-04-24T10:34:31.063+02:00  INFO 7516 --- [           main] o.s.b.w.embedded.tomcat.TomcatWebServer  : Tomcat initialized with port 0 (http)
2025-04-24T10:34:31.066+02:00  INFO 7516 --- [           main] o.apache.catalina.core.StandardService   : Starting service [Tomcat]
2025-04-24T10:34:31.067+02:00  INFO 7516 --- [           main] o.apache.catalina.core.StandardEngine    : Starting Servlet engine: [Apache Tomcat/10.1.20]
2025-04-24T10:34:31.144+02:00  INFO 7516 --- [           main] o.a.c.c.C.[Tomcat].[localhost].[/]       : Initializing Spring embedded WebApplicationContext
2025-04-24T10:34:31.145+02:00  INFO 7516 --- [           main] w.s.c.ServletWebServerApplicationContext : Root WebApplicationContext: initialization completed in 521 ms
2025-04-24T10:34:31.173+02:00  INFO 7516 --- [           main] com.zaxxer.hikari.HikariDataSource       : HikariPool-13 - Starting...
2025-04-24T10:34:31.180+02:00  INFO 7516 --- [           main] com.zaxxer.hikari.pool.HikariPool        : HikariPool-13 - Added connection conn120: url=jdbc:h2:mem:test user=SA
2025-04-24T10:34:31.181+02:00  INFO 7516 --- [           main] com.zaxxer.hikari.HikariDataSource       : HikariPool-13 - Start completed.
2025-04-24T10:34:31.182+02:00  INFO 7516 --- [           main] o.s.b.a.h2.H2ConsoleAutoConfiguration    : H2 console available at '/h2-console'. Database available at 'jdbc:h2:mem:test'
2025-04-24T10:34:31.243+02:00  INFO 7516 --- [           main] o.hibernate.jpa.internal.util.LogHelper  : HHH000204: Processing PersistenceUnitInfo [name: default]
2025-04-24T10:34:31.252+02:00  INFO 7516 --- [           main] o.h.c.internal.RegionFactoryInitiator    : HHH000026: Second-level cache disabled
2025-04-24T10:34:31.265+02:00  INFO 7516 --- [           main] o.s.o.j.p.SpringPersistenceUnitInfo      : No LoadTimeWeaver setup: ignoring JPA class transformer
2025-04-24T10:34:31.268+02:00  WARN 7516 --- [           main] org.hibernate.orm.deprecation            : HHH90000025: H2Dialect does not need to be specified explicitly using 'hibernate.dialect' (remove the property setting and it will be selected by default)
2025-04-24T10:34:31.449+02:00  INFO 7516 --- [           main] o.h.e.t.j.p.i.JtaPlatformInitiator       : HHH000489: No JTA platform available (set 'hibernate.transaction.jta.platform' to enable JTA platform integration)
2025-04-24T10:34:31.480+02:00  INFO 7516 --- [           main] j.LocalContainerEntityManagerFactoryBean : Initialized JPA EntityManagerFactory for persistence unit 'default'
2025-04-24T10:34:31.578+02:00  WARN 7516 --- [           main] JpaBaseConfiguration$JpaWebConfiguration : spring.jpa.open-in-view is enabled by default. Therefore, database queries may be performed during view rendering. Explicitly configure spring.jpa.open-in-view to disable this warning
2025-04-24T10:34:31.785+02:00  INFO 7516 --- [           main] o.s.b.w.embedded.tomcat.TomcatWebServer  : Tomcat started on port 59782 (http) with context path ''
2025-04-24T10:34:31.790+02:00  INFO 7516 --- [           main] e.u.i.p.Practica3ApplicationTests        : Started Practica3ApplicationTests in 1.216 seconds (process running for 78.483)
2025-04-24T10:34:31.816+02:00  INFO 7516 --- [-auto-13-exec-1] o.a.c.c.C.[Tomcat].[localhost].[/]       : Initializing Spring DispatcherServlet 'dispatcherServlet'
2025-04-24T10:34:31.817+02:00  INFO 7516 --- [-auto-13-exec-1] o.s.web.servlet.DispatcherServlet        : Initializing Servlet 'dispatcherServlet'
2025-04-24T10:34:31.818+02:00  INFO 7516 --- [-auto-13-exec-1] o.s.web.servlet.DispatcherServlet        : Completed initialization in 1 ms
2025-04-24T10:34:31.856+02:00  INFO 7516 --- [           main] j.LocalContainerEntityManagerFactoryBean : Closing JPA EntityManagerFactory for persistence unit 'default'
2025-04-24T10:34:31.861+02:00  INFO 7516 --- [           main] com.zaxxer.hikari.HikariDataSource       : HikariPool-13 - Shutdown initiated...
2025-04-24T10:34:31.864+02:00  INFO 7516 --- [           main] com.zaxxer.hikari.HikariDataSource       : HikariPool-13 - Shutdown completed.
]]></system-out>
  </testcase>
  <testcase name="obtieneIngredientePorId" classname="es.uma.informatica.practica3.Practica3ApplicationTests$ConIngredientes" time="0.075">
    <system-out><![CDATA[
  .   ____          _            __ _ _
 /\\ / ___'_ __ _ _(_)_ __  __ _ \ \ \ \
( ( )\___ | '_ | '_| | '_ \/ _` | \ \ \ \
 \\/  ___)| |_)| | | | | || (_| |  ) ) ) )
  '  |____| .__|_| |_|_| |_\__, | / / / /
 =========|_|==============|___/=/_/_/_/
 :: Spring Boot ::                (v3.2.5)

2025-04-24T10:34:31.913+02:00  INFO 7516 --- [           main] e.u.i.p.Practica3ApplicationTests        : Starting Practica3ApplicationTests using Java 21.0.6 with PID 7516 (started by jcalc in C:\Users\jcalc\Documentos\Carrera\Cuarto\Sistemas-de-Informacion-para-Internet\Tema-4\Pruebas-JUnit\Ejemplo-practica\codigo-estudiantes)
2025-04-24T10:34:31.914+02:00  INFO 7516 --- [           main] e.u.i.p.Practica3ApplicationTests        : No active profile set, falling back to 1 default profile: "default"
2025-04-24T10:34:32.172+02:00  INFO 7516 --- [           main] .s.d.r.c.RepositoryConfigurationDelegate : Bootstrapping Spring Data JPA repositories in DEFAULT mode.
2025-04-24T10:34:32.189+02:00  INFO 7516 --- [           main] .s.d.r.c.RepositoryConfigurationDelegate : Finished Spring Data repository scanning in 16 ms. Found 2 JPA repository interfaces.
2025-04-24T10:34:32.274+02:00  INFO 7516 --- [           main] o.s.b.w.embedded.tomcat.TomcatWebServer  : Tomcat initialized with port 0 (http)
2025-04-24T10:34:32.276+02:00  INFO 7516 --- [           main] o.apache.catalina.core.StandardService   : Starting service [Tomcat]
2025-04-24T10:34:32.277+02:00  INFO 7516 --- [           main] o.apache.catalina.core.StandardEngine    : Starting Servlet engine: [Apache Tomcat/10.1.20]
2025-04-24T10:34:32.320+02:00  INFO 7516 --- [           main] o.a.c.c.C.[Tomcat].[localhost].[/]       : Initializing Spring embedded WebApplicationContext
2025-04-24T10:34:32.320+02:00  INFO 7516 --- [           main] w.s.c.ServletWebServerApplicationContext : Root WebApplicationContext: initialization completed in 403 ms
2025-04-24T10:34:32.341+02:00  INFO 7516 --- [           main] com.zaxxer.hikari.HikariDataSource       : HikariPool-14 - Starting...
2025-04-24T10:34:32.345+02:00  INFO 7516 --- [           main] com.zaxxer.hikari.pool.HikariPool        : HikariPool-14 - Added connection conn130: url=jdbc:h2:mem:test user=SA
2025-04-24T10:34:32.345+02:00  INFO 7516 --- [           main] com.zaxxer.hikari.HikariDataSource       : HikariPool-14 - Start completed.
2025-04-24T10:34:32.345+02:00  INFO 7516 --- [           main] o.s.b.a.h2.H2ConsoleAutoConfiguration    : H2 console available at '/h2-console'. Database available at 'jdbc:h2:mem:test'
2025-04-24T10:34:32.380+02:00  INFO 7516 --- [           main] o.hibernate.jpa.internal.util.LogHelper  : HHH000204: Processing PersistenceUnitInfo [name: default]
2025-04-24T10:34:32.386+02:00  INFO 7516 --- [           main] o.h.c.internal.RegionFactoryInitiator    : HHH000026: Second-level cache disabled
2025-04-24T10:34:32.394+02:00  INFO 7516 --- [           main] o.s.o.j.p.SpringPersistenceUnitInfo      : No LoadTimeWeaver setup: ignoring JPA class transformer
2025-04-24T10:34:32.397+02:00  WARN 7516 --- [           main] org.hibernate.orm.deprecation            : HHH90000025: H2Dialect does not need to be specified explicitly using 'hibernate.dialect' (remove the property setting and it will be selected by default)
2025-04-24T10:34:32.507+02:00  INFO 7516 --- [           main] o.h.e.t.j.p.i.JtaPlatformInitiator       : HHH000489: No JTA platform available (set 'hibernate.transaction.jta.platform' to enable JTA platform integration)
2025-04-24T10:34:32.522+02:00  INFO 7516 --- [           main] j.LocalContainerEntityManagerFactoryBean : Initialized JPA EntityManagerFactory for persistence unit 'default'
2025-04-24T10:34:32.589+02:00  WARN 7516 --- [           main] JpaBaseConfiguration$JpaWebConfiguration : spring.jpa.open-in-view is enabled by default. Therefore, database queries may be performed during view rendering. Explicitly configure spring.jpa.open-in-view to disable this warning
2025-04-24T10:34:32.732+02:00  INFO 7516 --- [           main] o.s.b.w.embedded.tomcat.TomcatWebServer  : Tomcat started on port 59785 (http) with context path ''
2025-04-24T10:34:32.736+02:00  INFO 7516 --- [           main] e.u.i.p.Practica3ApplicationTests        : Started Practica3ApplicationTests in 0.861 seconds (process running for 79.429)
2025-04-24T10:34:32.763+02:00  INFO 7516 --- [-auto-14-exec-1] o.a.c.c.C.[Tomcat].[localhost].[/]       : Initializing Spring DispatcherServlet 'dispatcherServlet'
2025-04-24T10:34:32.763+02:00  INFO 7516 --- [-auto-14-exec-1] o.s.web.servlet.DispatcherServlet        : Initializing Servlet 'dispatcherServlet'
2025-04-24T10:34:32.765+02:00  INFO 7516 --- [-auto-14-exec-1] o.s.web.servlet.DispatcherServlet        : Completed initialization in 2 ms
2025-04-24T10:34:32.803+02:00  INFO 7516 --- [           main] j.LocalContainerEntityManagerFactoryBean : Closing JPA EntityManagerFactory for persistence unit 'default'
2025-04-24T10:34:32.807+02:00  INFO 7516 --- [           main] com.zaxxer.hikari.HikariDataSource       : HikariPool-14 - Shutdown initiated...
2025-04-24T10:34:32.810+02:00  INFO 7516 --- [           main] com.zaxxer.hikari.HikariDataSource       : HikariPool-14 - Shutdown completed.
]]></system-out>
  </testcase>
  <testcase name="insertaProductoConIngredientes" classname="es.uma.informatica.practica3.Practica3ApplicationTests$ConIngredientes" time="0.116">
    <system-out><![CDATA[
  .   ____          _            __ _ _
 /\\ / ___'_ __ _ _(_)_ __  __ _ \ \ \ \
( ( )\___ | '_ | '_| | '_ \/ _` | \ \ \ \
 \\/  ___)| |_)| | | | | || (_| |  ) ) ) )
  '  |____| .__|_| |_|_| |_\__, | / / / /
 =========|_|==============|___/=/_/_/_/
 :: Spring Boot ::                (v3.2.5)

2025-04-24T10:34:32.861+02:00  INFO 7516 --- [           main] e.u.i.p.Practica3ApplicationTests        : Starting Practica3ApplicationTests using Java 21.0.6 with PID 7516 (started by jcalc in C:\Users\jcalc\Documentos\Carrera\Cuarto\Sistemas-de-Informacion-para-Internet\Tema-4\Pruebas-JUnit\Ejemplo-practica\codigo-estudiantes)
2025-04-24T10:34:32.861+02:00  INFO 7516 --- [           main] e.u.i.p.Practica3ApplicationTests        : No active profile set, falling back to 1 default profile: "default"
2025-04-24T10:34:33.157+02:00  INFO 7516 --- [           main] .s.d.r.c.RepositoryConfigurationDelegate : Bootstrapping Spring Data JPA repositories in DEFAULT mode.
2025-04-24T10:34:33.178+02:00  INFO 7516 --- [           main] .s.d.r.c.RepositoryConfigurationDelegate : Finished Spring Data repository scanning in 20 ms. Found 2 JPA repository interfaces.
2025-04-24T10:34:33.277+02:00  INFO 7516 --- [           main] o.s.b.w.embedded.tomcat.TomcatWebServer  : Tomcat initialized with port 0 (http)
2025-04-24T10:34:33.279+02:00  INFO 7516 --- [           main] o.apache.catalina.core.StandardService   : Starting service [Tomcat]
2025-04-24T10:34:33.279+02:00  INFO 7516 --- [           main] o.apache.catalina.core.StandardEngine    : Starting Servlet engine: [Apache Tomcat/10.1.20]
2025-04-24T10:34:33.325+02:00  INFO 7516 --- [           main] o.a.c.c.C.[Tomcat].[localhost].[/]       : Initializing Spring embedded WebApplicationContext
2025-04-24T10:34:33.325+02:00  INFO 7516 --- [           main] w.s.c.ServletWebServerApplicationContext : Root WebApplicationContext: initialization completed in 461 ms
2025-04-24T10:34:33.344+02:00  INFO 7516 --- [           main] com.zaxxer.hikari.HikariDataSource       : HikariPool-15 - Starting...
2025-04-24T10:34:33.348+02:00  INFO 7516 --- [           main] com.zaxxer.hikari.pool.HikariPool        : HikariPool-15 - Added connection conn140: url=jdbc:h2:mem:test user=SA
2025-04-24T10:34:33.348+02:00  INFO 7516 --- [           main] com.zaxxer.hikari.HikariDataSource       : HikariPool-15 - Start completed.
2025-04-24T10:34:33.349+02:00  INFO 7516 --- [           main] o.s.b.a.h2.H2ConsoleAutoConfiguration    : H2 console available at '/h2-console'. Database available at 'jdbc:h2:mem:test'
2025-04-24T10:34:33.386+02:00  INFO 7516 --- [           main] o.hibernate.jpa.internal.util.LogHelper  : HHH000204: Processing PersistenceUnitInfo [name: default]
2025-04-24T10:34:33.392+02:00  INFO 7516 --- [           main] o.h.c.internal.RegionFactoryInitiator    : HHH000026: Second-level cache disabled
2025-04-24T10:34:33.401+02:00  INFO 7516 --- [           main] o.s.o.j.p.SpringPersistenceUnitInfo      : No LoadTimeWeaver setup: ignoring JPA class transformer
2025-04-24T10:34:33.405+02:00  WARN 7516 --- [           main] org.hibernate.orm.deprecation            : HHH90000025: H2Dialect does not need to be specified explicitly using 'hibernate.dialect' (remove the property setting and it will be selected by default)
2025-04-24T10:34:33.518+02:00  INFO 7516 --- [           main] o.h.e.t.j.p.i.JtaPlatformInitiator       : HHH000489: No JTA platform available (set 'hibernate.transaction.jta.platform' to enable JTA platform integration)
2025-04-24T10:34:33.542+02:00  INFO 7516 --- [           main] j.LocalContainerEntityManagerFactoryBean : Initialized JPA EntityManagerFactory for persistence unit 'default'
2025-04-24T10:34:33.627+02:00  WARN 7516 --- [           main] JpaBaseConfiguration$JpaWebConfiguration : spring.jpa.open-in-view is enabled by default. Therefore, database queries may be performed during view rendering. Explicitly configure spring.jpa.open-in-view to disable this warning
2025-04-24T10:34:33.785+02:00  INFO 7516 --- [           main] o.s.b.w.embedded.tomcat.TomcatWebServer  : Tomcat started on port 59788 (http) with context path ''
2025-04-24T10:34:33.791+02:00  INFO 7516 --- [           main] e.u.i.p.Practica3ApplicationTests        : Started Practica3ApplicationTests in 0.971 seconds (process running for 80.484)
2025-04-24T10:34:33.825+02:00  INFO 7516 --- [-auto-15-exec-1] o.a.c.c.C.[Tomcat].[localhost].[/]       : Initializing Spring DispatcherServlet 'dispatcherServlet'
2025-04-24T10:34:33.825+02:00  INFO 7516 --- [-auto-15-exec-1] o.s.web.servlet.DispatcherServlet        : Initializing Servlet 'dispatcherServlet'
2025-04-24T10:34:33.827+02:00  INFO 7516 --- [-auto-15-exec-1] o.s.web.servlet.DispatcherServlet        : Completed initialization in 2 ms
2025-04-24T10:34:33.893+02:00  INFO 7516 --- [           main] j.LocalContainerEntityManagerFactoryBean : Closing JPA EntityManagerFactory for persistence unit 'default'
2025-04-24T10:34:33.901+02:00  INFO 7516 --- [           main] com.zaxxer.hikari.HikariDataSource       : HikariPool-15 - Shutdown initiated...
2025-04-24T10:34:33.904+02:00  INFO 7516 --- [           main] com.zaxxer.hikari.HikariDataSource       : HikariPool-15 - Shutdown completed.
]]></system-out>
  </testcase>
  <testcase name="errorActualizarIngredienteInexistente" classname="es.uma.informatica.practica3.Practica3ApplicationTests$ConIngredientes" time="0.061">
    <system-out><![CDATA[
  .   ____          _            __ _ _
 /\\ / ___'_ __ _ _(_)_ __  __ _ \ \ \ \
( ( )\___ | '_ | '_| | '_ \/ _` | \ \ \ \
 \\/  ___)| |_)| | | | | || (_| |  ) ) ) )
  '  |____| .__|_| |_|_| |_\__, | / / / /
 =========|_|==============|___/=/_/_/_/
 :: Spring Boot ::                (v3.2.5)

2025-04-24T10:34:33.979+02:00  INFO 7516 --- [           main] e.u.i.p.Practica3ApplicationTests        : Starting Practica3ApplicationTests using Java 21.0.6 with PID 7516 (started by jcalc in C:\Users\jcalc\Documentos\Carrera\Cuarto\Sistemas-de-Informacion-para-Internet\Tema-4\Pruebas-JUnit\Ejemplo-practica\codigo-estudiantes)
2025-04-24T10:34:33.980+02:00  INFO 7516 --- [           main] e.u.i.p.Practica3ApplicationTests        : No active profile set, falling back to 1 default profile: "default"
2025-04-24T10:34:34.248+02:00  INFO 7516 --- [           main] .s.d.r.c.RepositoryConfigurationDelegate : Bootstrapping Spring Data JPA repositories in DEFAULT mode.
2025-04-24T10:34:34.267+02:00  INFO 7516 --- [           main] .s.d.r.c.RepositoryConfigurationDelegate : Finished Spring Data repository scanning in 18 ms. Found 2 JPA repository interfaces.
2025-04-24T10:34:34.363+02:00  INFO 7516 --- [           main] o.s.b.w.embedded.tomcat.TomcatWebServer  : Tomcat initialized with port 0 (http)
2025-04-24T10:34:34.365+02:00  INFO 7516 --- [           main] o.apache.catalina.core.StandardService   : Starting service [Tomcat]
2025-04-24T10:34:34.365+02:00  INFO 7516 --- [           main] o.apache.catalina.core.StandardEngine    : Starting Servlet engine: [Apache Tomcat/10.1.20]
2025-04-24T10:34:34.408+02:00  INFO 7516 --- [           main] o.a.c.c.C.[Tomcat].[localhost].[/]       : Initializing Spring embedded WebApplicationContext
2025-04-24T10:34:34.408+02:00  INFO 7516 --- [           main] w.s.c.ServletWebServerApplicationContext : Root WebApplicationContext: initialization completed in 425 ms
2025-04-24T10:34:34.426+02:00  INFO 7516 --- [           main] com.zaxxer.hikari.HikariDataSource       : HikariPool-16 - Starting...
2025-04-24T10:34:34.430+02:00  INFO 7516 --- [           main] com.zaxxer.hikari.pool.HikariPool        : HikariPool-16 - Added connection conn150: url=jdbc:h2:mem:test user=SA
2025-04-24T10:34:34.430+02:00  INFO 7516 --- [           main] com.zaxxer.hikari.HikariDataSource       : HikariPool-16 - Start completed.
2025-04-24T10:34:34.430+02:00  INFO 7516 --- [           main] o.s.b.a.h2.H2ConsoleAutoConfiguration    : H2 console available at '/h2-console'. Database available at 'jdbc:h2:mem:test'
2025-04-24T10:34:34.471+02:00  INFO 7516 --- [           main] o.hibernate.jpa.internal.util.LogHelper  : HHH000204: Processing PersistenceUnitInfo [name: default]
2025-04-24T10:34:34.478+02:00  INFO 7516 --- [           main] o.h.c.internal.RegionFactoryInitiator    : HHH000026: Second-level cache disabled
2025-04-24T10:34:34.487+02:00  INFO 7516 --- [           main] o.s.o.j.p.SpringPersistenceUnitInfo      : No LoadTimeWeaver setup: ignoring JPA class transformer
2025-04-24T10:34:34.489+02:00  WARN 7516 --- [           main] org.hibernate.orm.deprecation            : HHH90000025: H2Dialect does not need to be specified explicitly using 'hibernate.dialect' (remove the property setting and it will be selected by default)
2025-04-24T10:34:34.594+02:00  INFO 7516 --- [           main] o.h.e.t.j.p.i.JtaPlatformInitiator       : HHH000489: No JTA platform available (set 'hibernate.transaction.jta.platform' to enable JTA platform integration)
2025-04-24T10:34:34.610+02:00  INFO 7516 --- [           main] j.LocalContainerEntityManagerFactoryBean : Initialized JPA EntityManagerFactory for persistence unit 'default'
2025-04-24T10:34:34.672+02:00  WARN 7516 --- [           main] JpaBaseConfiguration$JpaWebConfiguration : spring.jpa.open-in-view is enabled by default. Therefore, database queries may be performed during view rendering. Explicitly configure spring.jpa.open-in-view to disable this warning
2025-04-24T10:34:34.808+02:00  INFO 7516 --- [           main] o.s.b.w.embedded.tomcat.TomcatWebServer  : Tomcat started on port 59791 (http) with context path ''
2025-04-24T10:34:34.813+02:00  INFO 7516 --- [           main] e.u.i.p.Practica3ApplicationTests        : Started Practica3ApplicationTests in 0.893 seconds (process running for 81.505)
2025-04-24T10:34:34.829+02:00  INFO 7516 --- [-auto-16-exec-1] o.a.c.c.C.[Tomcat].[localhost].[/]       : Initializing Spring DispatcherServlet 'dispatcherServlet'
2025-04-24T10:34:34.830+02:00  INFO 7516 --- [-auto-16-exec-1] o.s.web.servlet.DispatcherServlet        : Initializing Servlet 'dispatcherServlet'
2025-04-24T10:34:34.831+02:00  INFO 7516 --- [-auto-16-exec-1] o.s.web.servlet.DispatcherServlet        : Completed initialization in 1 ms
2025-04-24T10:34:34.868+02:00  INFO 7516 --- [           main] j.LocalContainerEntityManagerFactoryBean : Closing JPA EntityManagerFactory for persistence unit 'default'
2025-04-24T10:34:34.872+02:00  INFO 7516 --- [           main] com.zaxxer.hikari.HikariDataSource       : HikariPool-16 - Shutdown initiated...
2025-04-24T10:34:34.874+02:00  INFO 7516 --- [           main] com.zaxxer.hikari.HikariDataSource       : HikariPool-16 - Shutdown completed.
]]></system-out>
  </testcase>
  <testcase name="eliminaIngrediente" classname="es.uma.informatica.practica3.Practica3ApplicationTests$ConIngredientes" time="0.063">
    <system-out><![CDATA[
  .   ____          _            __ _ _
 /\\ / ___'_ __ _ _(_)_ __  __ _ \ \ \ \
( ( )\___ | '_ | '_| | '_ \/ _` | \ \ \ \
 \\/  ___)| |_)| | | | | || (_| |  ) ) ) )
  '  |____| .__|_| |_|_| |_\__, | / / / /
 =========|_|==============|___/=/_/_/_/
 :: Spring Boot ::                (v3.2.5)

2025-04-24T10:34:34.921+02:00  INFO 7516 --- [           main] e.u.i.p.Practica3ApplicationTests        : Starting Practica3ApplicationTests using Java 21.0.6 with PID 7516 (started by jcalc in C:\Users\jcalc\Documentos\Carrera\Cuarto\Sistemas-de-Informacion-para-Internet\Tema-4\Pruebas-JUnit\Ejemplo-practica\codigo-estudiantes)
2025-04-24T10:34:34.921+02:00  INFO 7516 --- [           main] e.u.i.p.Practica3ApplicationTests        : No active profile set, falling back to 1 default profile: "default"
2025-04-24T10:34:35.140+02:00  INFO 7516 --- [           main] .s.d.r.c.RepositoryConfigurationDelegate : Bootstrapping Spring Data JPA repositories in DEFAULT mode.
2025-04-24T10:34:35.157+02:00  INFO 7516 --- [           main] .s.d.r.c.RepositoryConfigurationDelegate : Finished Spring Data repository scanning in 16 ms. Found 2 JPA repository interfaces.
2025-04-24T10:34:35.236+02:00  INFO 7516 --- [           main] o.s.b.w.embedded.tomcat.TomcatWebServer  : Tomcat initialized with port 0 (http)
2025-04-24T10:34:35.237+02:00  INFO 7516 --- [           main] o.apache.catalina.core.StandardService   : Starting service [Tomcat]
2025-04-24T10:34:35.238+02:00  INFO 7516 --- [           main] o.apache.catalina.core.StandardEngine    : Starting Servlet engine: [Apache Tomcat/10.1.20]
2025-04-24T10:34:35.300+02:00  INFO 7516 --- [           main] o.a.c.c.C.[Tomcat].[localhost].[/]       : Initializing Spring embedded WebApplicationContext
2025-04-24T10:34:35.301+02:00  INFO 7516 --- [           main] w.s.c.ServletWebServerApplicationContext : Root WebApplicationContext: initialization completed in 378 ms
2025-04-24T10:34:35.316+02:00  INFO 7516 --- [           main] com.zaxxer.hikari.HikariDataSource       : HikariPool-17 - Starting...
2025-04-24T10:34:35.319+02:00  INFO 7516 --- [           main] com.zaxxer.hikari.pool.HikariPool        : HikariPool-17 - Added connection conn160: url=jdbc:h2:mem:test user=SA
2025-04-24T10:34:35.319+02:00  INFO 7516 --- [           main] com.zaxxer.hikari.HikariDataSource       : HikariPool-17 - Start completed.
2025-04-24T10:34:35.320+02:00  INFO 7516 --- [           main] o.s.b.a.h2.H2ConsoleAutoConfiguration    : H2 console available at '/h2-console'. Database available at 'jdbc:h2:mem:test'
2025-04-24T10:34:35.349+02:00  INFO 7516 --- [           main] o.hibernate.jpa.internal.util.LogHelper  : HHH000204: Processing PersistenceUnitInfo [name: default]
2025-04-24T10:34:35.354+02:00  INFO 7516 --- [           main] o.h.c.internal.RegionFactoryInitiator    : HHH000026: Second-level cache disabled
2025-04-24T10:34:35.361+02:00  INFO 7516 --- [           main] o.s.o.j.p.SpringPersistenceUnitInfo      : No LoadTimeWeaver setup: ignoring JPA class transformer
2025-04-24T10:34:35.363+02:00  WARN 7516 --- [           main] org.hibernate.orm.deprecation            : HHH90000025: H2Dialect does not need to be specified explicitly using 'hibernate.dialect' (remove the property setting and it will be selected by default)
2025-04-24T10:34:35.443+02:00  INFO 7516 --- [           main] o.h.e.t.j.p.i.JtaPlatformInitiator       : HHH000489: No JTA platform available (set 'hibernate.transaction.jta.platform' to enable JTA platform integration)
2025-04-24T10:34:35.456+02:00  INFO 7516 --- [           main] j.LocalContainerEntityManagerFactoryBean : Initialized JPA EntityManagerFactory for persistence unit 'default'
2025-04-24T10:34:35.520+02:00  WARN 7516 --- [           main] JpaBaseConfiguration$JpaWebConfiguration : spring.jpa.open-in-view is enabled by default. Therefore, database queries may be performed during view rendering. Explicitly configure spring.jpa.open-in-view to disable this warning
2025-04-24T10:34:35.639+02:00  INFO 7516 --- [           main] o.s.b.w.embedded.tomcat.TomcatWebServer  : Tomcat started on port 59794 (http) with context path ''
2025-04-24T10:34:35.643+02:00  INFO 7516 --- [           main] e.u.i.p.Practica3ApplicationTests        : Started Practica3ApplicationTests in 0.758 seconds (process running for 82.335)
2025-04-24T10:34:35.664+02:00  INFO 7516 --- [-auto-17-exec-1] o.a.c.c.C.[Tomcat].[localhost].[/]       : Initializing Spring DispatcherServlet 'dispatcherServlet'
2025-04-24T10:34:35.664+02:00  INFO 7516 --- [-auto-17-exec-1] o.s.web.servlet.DispatcherServlet        : Initializing Servlet 'dispatcherServlet'
2025-04-24T10:34:35.666+02:00  INFO 7516 --- [-auto-17-exec-1] o.s.web.servlet.DispatcherServlet        : Completed initialization in 2 ms
2025-04-24T10:34:35.699+02:00  INFO 7516 --- [           main] j.LocalContainerEntityManagerFactoryBean : Closing JPA EntityManagerFactory for persistence unit 'default'
2025-04-24T10:34:35.704+02:00  INFO 7516 --- [           main] com.zaxxer.hikari.HikariDataSource       : HikariPool-17 - Shutdown initiated...
2025-04-24T10:34:35.706+02:00  INFO 7516 --- [           main] com.zaxxer.hikari.HikariDataSource       : HikariPool-17 - Shutdown completed.
]]></system-out>
  </testcase>
</testsuite>