<?xml version="1.0" encoding="UTF-8"?>
<testsuite xmlns:xsi="http://www.w3.org/2001/XMLSchema-instance" xsi:noNamespaceSchemaLocation="https://maven.apache.org/surefire/maven-surefire-plugin/xsd/surefire-test-report.xsd" version="3.0.2" name="es.uma.informatica.sii.demosec.DemosecApplicationTests" time="2.22" tests="1" errors="0" skipped="0" failures="0">
  <properties>
[...]
</properties>
  <testcase name="contextLoads" classname="es.uma.informatica.sii.demosec.DemosecApplicationTests" time="0.56">
    <system-out><![CDATA[16:48:43.676 [main] INFO org.springframework.test.context.support.AnnotationConfigContextLoaderUtils -- Could not detect default configuration classes for test class [es.uma.informatica.sii.demosec.DemosecApplicationTests]: DemosecApplicationTests does not declare any static, non-private, non-final, nested classes annotated with @Configuration.
16:48:43.765 [main] INFO org.springframework.boot.test.context.SpringBootTestContextBootstrapper -- Found @SpringBootConfiguration es.uma.informatica.sii.demosec.DemosecApplication for test class es.uma.informatica.sii.demosec.DemosecApplicationTests

  .   ____          _            __ _ _
 /\\ / ___'_ __ _ _(_)_ __  __ _ \ \ \ \
( ( )\___ | '_ | '_| | '_ \/ _` | \ \ \ \
 \\/  ___)| |_)| | | | | || (_| |  ) ) ) )
  '  |____| .__|_| |_|_| |_\__, | / / / /
 =========|_|==============|___/=/_/_/_/

 :: Spring Boot ::                (v3.4.4)

2025-04-26T16:48:44.093+02:00  INFO 18398 --- [           main] e.u.i.s.demosec.DemosecApplicationTests  : Starting DemosecApplicationTests using Java 21.0.6 with PID 18398 (started by jcalcausal in /Users/jcalcausal/Documents/Carrera/Cuarto/Sistemas-de-Informacion-para-Internet/Tema-3/Seguridad/demosec)
2025-04-26T16:48:44.094+02:00 DEBUG 18398 --- [           main] e.u.i.s.demosec.DemosecApplicationTests  : Running with Spring Boot v3.4.4, Spring v6.2.5
2025-04-26T16:48:44.094+02:00  INFO 18398 --- [           main] e.u.i.s.demosec.DemosecApplicationTests  : No active profile set, falling back to 1 default profile: "default"
2025-04-26T16:48:44.819+02:00  WARN 18398 --- [           main] .s.s.UserDetailsServiceAutoConfiguration : 

Using generated security password: d516664a-678a-4054-ab0b-65d466899d2e

This generated password is for development use only. Your security configuration must be updated before running your application in production.

2025-04-26T16:48:44.824+02:00  INFO 18398 --- [           main] r$InitializeUserDetailsManagerConfigurer : Global AuthenticationManager configured with UserDetailsService bean with name inMemoryUserDetailsManager
2025-04-26T16:48:45.008+02:00 DEBUG 18398 --- [           main] o.s.s.web.DefaultSecurityFilterChain     : Will secure any request with filters: DisableEncodeUrlFilter, WebAsyncManagerIntegrationFilter, SecurityContextHolderFilter, HeaderWriterFilter, LogoutFilter, JwtRequestFilter, RequestCacheAwareFilter, SecurityContextHolderAwareRequestFilter, AnonymousAuthenticationFilter, SessionManagementFilter, ExceptionTranslationFilter, AuthorizationFilter
2025-04-26T16:48:45.209+02:00  INFO 18398 --- [           main] e.u.i.s.demosec.DemosecApplicationTests  : Started DemosecApplicationTests in 1.345 seconds (process running for 2.003)
]]></system-out>
    <system-err><![CDATA[Mockito is currently self-attaching to enable the inline-mock-maker. This will no longer work in future releases of the JDK. Please add Mockito as an agent to your build what is described in Mockito's documentation: https://javadoc.io/doc/org.mockito/mockito-core/latest/org/mockito/Mockito.html#0.3
WARNING: A Java agent has been loaded dynamically (/Users/jcalcausal/.m2/repository/net/bytebuddy/byte-buddy-agent/1.15.11/byte-buddy-agent-1.15.11.jar)
WARNING: If a serviceability tool is in use, please run with -XX:+EnableDynamicAgentLoading to hide this warning
WARNING: If a serviceability tool is not in use, please run with -Djdk.instrument.traceUsage for more information
WARNING: Dynamic loading of agents will be disallowed by default in a future release
]]></system-err>
  </testcase>
</testsuite>