<?xml version="1.0" encoding="UTF-8"?>
<testsuite xmlns:xsi="http://www.w3.org/2001/XMLSchema-instance" xsi:noNamespaceSchemaLocation="https://maven.apache.org/surefire/maven-surefire-plugin/xsd/surefire-test-report-3.0.xsd" version="3.0" name="es.uma.informatica.sii.practica2.Practica2ApplicationTests$ListaVacia$InsertaProyectos" time="2.29" tests="6" errors="0" skipped="0" failures="0">
  <properties>
[...]
</properties>
  <testcase name="devuelveErrorAlConsultarProyecto" classname="es.uma.informatica.sii.practica2.Practica2ApplicationTests$ListaVacia" time="0.081">
    <system-out><![CDATA[2025-04-03T11:17:42.266+02:00  INFO 14268 --- [           main] t.c.s.AnnotationConfigContextLoaderUtils : Could not detect default configuration classes for test class [es.uma.informatica.sii.practica2.Practica2ApplicationTests$ListaVacia]: ListaVacia does not declare any static, non-private, non-final, nested classes annotated with @Configuration.
2025-04-03T11:17:42.270+02:00  INFO 14268 --- [           main] .b.t.c.SpringBootTestContextBootstrapper : Found @SpringBootConfiguration es.uma.informatica.sii.practica2.Practica2Application for test class es.uma.informatica.sii.practica2.Practica2ApplicationTests$ListaVacia

  .   ____          _            __ _ _
 /\\ / ___'_ __ _ _(_)_ __  __ _ \ \ \ \
( ( )\___ | '_ | '_| | '_ \/ _` | \ \ \ \
 \\/  ___)| |_)| | | | | || (_| |  ) ) ) )
  '  |____| .__|_| |_|_| |_\__, | / / / /
 =========|_|==============|___/=/_/_/_/
 :: Spring Boot ::                (v3.0.4)

2025-04-03T11:17:42.371+02:00  INFO 14268 --- [           main] e.u.i.s.p.Practica2ApplicationTests      : Starting Practica2ApplicationTests using Java 21.0.6 with PID 14268 (started by jcalc in C:\Users\jcalc\Documentos\Carrera\Cuarto\Sistemas-de-Informacion-para-Internet\Tema-4\practica2-grupo-b)
2025-04-03T11:17:42.372+02:00  INFO 14268 --- [           main] e.u.i.s.p.Practica2ApplicationTests      : No active profile set, falling back to 1 default profile: "default"
2025-04-03T11:17:42.892+02:00  INFO 14268 --- [           main] .s.d.r.c.RepositoryConfigurationDelegate : Bootstrapping Spring Data JPA repositories in DEFAULT mode.
2025-04-03T11:17:42.918+02:00  INFO 14268 --- [           main] .s.d.r.c.RepositoryConfigurationDelegate : Finished Spring Data repository scanning in 25 ms. Found 1 JPA repository interfaces.
2025-04-03T11:17:43.111+02:00  INFO 14268 --- [           main] o.s.b.w.embedded.tomcat.TomcatWebServer  : Tomcat initialized with port(s): 0 (http)
2025-04-03T11:17:43.113+02:00  INFO 14268 --- [           main] o.apache.catalina.core.StandardService   : Starting service [Tomcat]
2025-04-03T11:17:43.114+02:00  INFO 14268 --- [           main] o.apache.catalina.core.StandardEngine    : Starting Servlet engine: [Apache Tomcat/10.1.5]
2025-04-03T11:17:43.200+02:00  INFO 14268 --- [           main] o.a.c.c.C.[Tomcat].[localhost].[/]       : Initializing Spring embedded WebApplicationContext
2025-04-03T11:17:43.201+02:00  INFO 14268 --- [           main] w.s.c.ServletWebServerApplicationContext : Root WebApplicationContext: initialization completed in 825 ms
2025-04-03T11:17:43.228+02:00  INFO 14268 --- [           main] com.zaxxer.hikari.HikariDataSource       : HikariPool-11 - Starting...
2025-04-03T11:17:43.234+02:00  INFO 14268 --- [           main] com.zaxxer.hikari.pool.HikariPool        : HikariPool-11 - Added connection conn100: url=jdbc:h2:mem:dcbapp user=SA
2025-04-03T11:17:43.235+02:00  INFO 14268 --- [           main] com.zaxxer.hikari.HikariDataSource       : HikariPool-11 - Start completed.
2025-04-03T11:17:43.235+02:00  INFO 14268 --- [           main] o.s.b.a.h2.H2ConsoleAutoConfiguration    : H2 console available at '/h2-console'. Database available at 'jdbc:h2:mem:dcbapp'
2025-04-03T11:17:43.286+02:00  INFO 14268 --- [           main] o.hibernate.jpa.internal.util.LogHelper  : HHH000204: Processing PersistenceUnitInfo [name: default]
2025-04-03T11:17:43.306+02:00  INFO 14268 --- [           main] SQL dialect                              : HHH000400: Using dialect: org.hibernate.dialect.H2Dialect
2025-04-03T11:17:43.410+02:00  INFO 14268 --- [           main] o.h.e.t.j.p.i.JtaPlatformInitiator       : HHH000490: Using JtaPlatform implementation: [org.hibernate.engine.transaction.jta.platform.internal.NoJtaPlatform]
2025-04-03T11:17:43.411+02:00  INFO 14268 --- [           main] j.LocalContainerEntityManagerFactoryBean : Initialized JPA EntityManagerFactory for persistence unit 'default'
2025-04-03T11:17:43.613+02:00  WARN 14268 --- [           main] JpaBaseConfiguration$JpaWebConfiguration : spring.jpa.open-in-view is enabled by default. Therefore, database queries may be performed during view rendering. Explicitly configure spring.jpa.open-in-view to disable this warning
2025-04-03T11:17:43.863+02:00  INFO 14268 --- [           main] o.s.b.w.embedded.tomcat.TomcatWebServer  : Tomcat started on port(s): 60061 (http) with context path ''
2025-04-03T11:17:43.870+02:00  INFO 14268 --- [           main] e.u.i.s.p.Practica2ApplicationTests      : Started Practica2ApplicationTests in 1.576 seconds (process running for 46.996)
2025-04-03T11:17:43.900+02:00  INFO 14268 --- [-auto-11-exec-1] o.a.c.c.C.[Tomcat].[localhost].[/]       : Initializing Spring DispatcherServlet 'dispatcherServlet'
2025-04-03T11:17:43.900+02:00  INFO 14268 --- [-auto-11-exec-1] o.s.web.servlet.DispatcherServlet        : Initializing Servlet 'dispatcherServlet'
2025-04-03T11:17:43.902+02:00  INFO 14268 --- [-auto-11-exec-1] o.s.web.servlet.DispatcherServlet        : Completed initialization in 2 ms
2025-04-03T11:17:43.941+02:00  INFO 14268 --- [           main] o.apache.catalina.core.StandardService   : Stopping service [Tomcat]
2025-04-03T11:17:43.942+02:00  INFO 14268 --- [           main] o.a.c.c.C.[Tomcat].[localhost].[/]       : Destroying Spring FrameworkServlet 'dispatcherServlet'
2025-04-03T11:17:43.951+02:00  INFO 14268 --- [           main] j.LocalContainerEntityManagerFactoryBean : Closing JPA EntityManagerFactory for persistence unit 'default'
2025-04-03T11:17:43.951+02:00  INFO 14268 --- [           main] .SchemaDropperImpl$DelayedDropActionImpl : HHH000477: Starting delayed evictData of schema as part of SessionFactory shut-down'
2025-04-03T11:17:43.954+02:00  INFO 14268 --- [           main] com.zaxxer.hikari.HikariDataSource       : HikariPool-11 - Shutdown initiated...
2025-04-03T11:17:43.957+02:00  INFO 14268 --- [           main] com.zaxxer.hikari.HikariDataSource       : HikariPool-11 - Shutdown completed.
]]></system-out>
  </testcase>
  <testcase name="devuelveLista" classname="es.uma.informatica.sii.practica2.Practica2ApplicationTests$ListaVacia" time="0.06">
    <system-out><![CDATA[
  .   ____          _            __ _ _
 /\\ / ___'_ __ _ _(_)_ __  __ _ \ \ \ \
( ( )\___ | '_ | '_| | '_ \/ _` | \ \ \ \
 \\/  ___)| |_)| | | | | || (_| |  ) ) ) )
  '  |____| .__|_| |_|_| |_\__, | / / / /
 =========|_|==============|___/=/_/_/_/
 :: Spring Boot ::                (v3.0.4)

2025-04-03T11:17:44.017+02:00  INFO 14268 --- [           main] e.u.i.s.p.Practica2ApplicationTests      : Starting Practica2ApplicationTests using Java 21.0.6 with PID 14268 (started by jcalc in C:\Users\jcalc\Documentos\Carrera\Cuarto\Sistemas-de-Informacion-para-Internet\Tema-4\practica2-grupo-b)
2025-04-03T11:17:44.017+02:00  INFO 14268 --- [           main] e.u.i.s.p.Practica2ApplicationTests      : No active profile set, falling back to 1 default profile: "default"
2025-04-03T11:17:44.439+02:00  INFO 14268 --- [           main] .s.d.r.c.RepositoryConfigurationDelegate : Bootstrapping Spring Data JPA repositories in DEFAULT mode.
2025-04-03T11:17:44.455+02:00  INFO 14268 --- [           main] .s.d.r.c.RepositoryConfigurationDelegate : Finished Spring Data repository scanning in 15 ms. Found 1 JPA repository interfaces.
2025-04-03T11:17:44.570+02:00  INFO 14268 --- [           main] o.s.b.w.embedded.tomcat.TomcatWebServer  : Tomcat initialized with port(s): 0 (http)
2025-04-03T11:17:44.572+02:00  INFO 14268 --- [           main] o.apache.catalina.core.StandardService   : Starting service [Tomcat]
2025-04-03T11:17:44.572+02:00  INFO 14268 --- [           main] o.apache.catalina.core.StandardEngine    : Starting Servlet engine: [Apache Tomcat/10.1.5]
2025-04-03T11:17:44.634+02:00  INFO 14268 --- [           main] o.a.c.c.C.[Tomcat].[localhost].[/]       : Initializing Spring embedded WebApplicationContext
2025-04-03T11:17:44.635+02:00  INFO 14268 --- [           main] w.s.c.ServletWebServerApplicationContext : Root WebApplicationContext: initialization completed in 614 ms
2025-04-03T11:17:44.656+02:00  INFO 14268 --- [           main] com.zaxxer.hikari.HikariDataSource       : HikariPool-12 - Starting...
2025-04-03T11:17:44.664+02:00  INFO 14268 --- [           main] com.zaxxer.hikari.pool.HikariPool        : HikariPool-12 - Added connection conn110: url=jdbc:h2:mem:dcbapp user=SA
2025-04-03T11:17:44.664+02:00  INFO 14268 --- [           main] com.zaxxer.hikari.HikariDataSource       : HikariPool-12 - Start completed.
2025-04-03T11:17:44.665+02:00  INFO 14268 --- [           main] o.s.b.a.h2.H2ConsoleAutoConfiguration    : H2 console available at '/h2-console'. Database available at 'jdbc:h2:mem:dcbapp'
2025-04-03T11:17:44.708+02:00  INFO 14268 --- [           main] o.hibernate.jpa.internal.util.LogHelper  : HHH000204: Processing PersistenceUnitInfo [name: default]
2025-04-03T11:17:44.721+02:00  INFO 14268 --- [           main] SQL dialect                              : HHH000400: Using dialect: org.hibernate.dialect.H2Dialect
2025-04-03T11:17:44.781+02:00  INFO 14268 --- [           main] o.h.e.t.j.p.i.JtaPlatformInitiator       : HHH000490: Using JtaPlatform implementation: [org.hibernate.engine.transaction.jta.platform.internal.NoJtaPlatform]
2025-04-03T11:17:44.782+02:00  INFO 14268 --- [           main] j.LocalContainerEntityManagerFactoryBean : Initialized JPA EntityManagerFactory for persistence unit 'default'
2025-04-03T11:17:44.875+02:00  WARN 14268 --- [           main] JpaBaseConfiguration$JpaWebConfiguration : spring.jpa.open-in-view is enabled by default. Therefore, database queries may be performed during view rendering. Explicitly configure spring.jpa.open-in-view to disable this warning
2025-04-03T11:17:45.030+02:00  INFO 14268 --- [           main] o.s.b.w.embedded.tomcat.TomcatWebServer  : Tomcat started on port(s): 60065 (http) with context path ''
2025-04-03T11:17:45.035+02:00  INFO 14268 --- [           main] e.u.i.s.p.Practica2ApplicationTests      : Started Practica2ApplicationTests in 1.069 seconds (process running for 48.161)
2025-04-03T11:17:45.055+02:00  INFO 14268 --- [-auto-12-exec-1] o.a.c.c.C.[Tomcat].[localhost].[/]       : Initializing Spring DispatcherServlet 'dispatcherServlet'
2025-04-03T11:17:45.056+02:00  INFO 14268 --- [-auto-12-exec-1] o.s.web.servlet.DispatcherServlet        : Initializing Servlet 'dispatcherServlet'
2025-04-03T11:17:45.057+02:00  INFO 14268 --- [-auto-12-exec-1] o.s.web.servlet.DispatcherServlet        : Completed initialization in 1 ms
2025-04-03T11:17:45.087+02:00  INFO 14268 --- [           main] o.apache.catalina.core.StandardService   : Stopping service [Tomcat]
2025-04-03T11:17:45.087+02:00  INFO 14268 --- [           main] o.a.c.c.C.[Tomcat].[localhost].[/]       : Destroying Spring FrameworkServlet 'dispatcherServlet'
2025-04-03T11:17:45.095+02:00  INFO 14268 --- [           main] j.LocalContainerEntityManagerFactoryBean : Closing JPA EntityManagerFactory for persistence unit 'default'
2025-04-03T11:17:45.095+02:00  INFO 14268 --- [           main] .SchemaDropperImpl$DelayedDropActionImpl : HHH000477: Starting delayed evictData of schema as part of SessionFactory shut-down'
2025-04-03T11:17:45.097+02:00  INFO 14268 --- [           main] com.zaxxer.hikari.HikariDataSource       : HikariPool-12 - Shutdown initiated...
2025-04-03T11:17:45.100+02:00  INFO 14268 --- [           main] com.zaxxer.hikari.HikariDataSource       : HikariPool-12 - Shutdown completed.
]]></system-out>
  </testcase>
  <testcase name="devuelveErrorAlEliminarProyecto" classname="es.uma.informatica.sii.practica2.Practica2ApplicationTests$ListaVacia" time="0.08">
    <system-out><![CDATA[
  .   ____          _            __ _ _
 /\\ / ___'_ __ _ _(_)_ __  __ _ \ \ \ \
( ( )\___ | '_ | '_| | '_ \/ _` | \ \ \ \
 \\/  ___)| |_)| | | | | || (_| |  ) ) ) )
  '  |____| .__|_| |_|_| |_\__, | / / / /
 =========|_|==============|___/=/_/_/_/
 :: Spring Boot ::                (v3.0.4)

2025-04-03T11:17:45.137+02:00  INFO 14268 --- [           main] e.u.i.s.p.Practica2ApplicationTests      : Starting Practica2ApplicationTests using Java 21.0.6 with PID 14268 (started by jcalc in C:\Users\jcalc\Documentos\Carrera\Cuarto\Sistemas-de-Informacion-para-Internet\Tema-4\practica2-grupo-b)
2025-04-03T11:17:45.137+02:00  INFO 14268 --- [           main] e.u.i.s.p.Practica2ApplicationTests      : No active profile set, falling back to 1 default profile: "default"
2025-04-03T11:17:45.443+02:00  INFO 14268 --- [           main] .s.d.r.c.RepositoryConfigurationDelegate : Bootstrapping Spring Data JPA repositories in DEFAULT mode.
2025-04-03T11:17:45.468+02:00  INFO 14268 --- [           main] .s.d.r.c.RepositoryConfigurationDelegate : Finished Spring Data repository scanning in 23 ms. Found 1 JPA repository interfaces.
2025-04-03T11:17:45.587+02:00  INFO 14268 --- [           main] o.s.b.w.embedded.tomcat.TomcatWebServer  : Tomcat initialized with port(s): 0 (http)
2025-04-03T11:17:45.589+02:00  INFO 14268 --- [           main] o.apache.catalina.core.StandardService   : Starting service [Tomcat]
2025-04-03T11:17:45.590+02:00  INFO 14268 --- [           main] o.apache.catalina.core.StandardEngine    : Starting Servlet engine: [Apache Tomcat/10.1.5]
2025-04-03T11:17:45.651+02:00  INFO 14268 --- [           main] o.a.c.c.C.[Tomcat].[localhost].[/]       : Initializing Spring embedded WebApplicationContext
2025-04-03T11:17:45.652+02:00  INFO 14268 --- [           main] w.s.c.ServletWebServerApplicationContext : Root WebApplicationContext: initialization completed in 512 ms
2025-04-03T11:17:45.673+02:00  INFO 14268 --- [           main] com.zaxxer.hikari.HikariDataSource       : HikariPool-13 - Starting...
2025-04-03T11:17:45.678+02:00  INFO 14268 --- [           main] com.zaxxer.hikari.pool.HikariPool        : HikariPool-13 - Added connection conn120: url=jdbc:h2:mem:dcbapp user=SA
2025-04-03T11:17:45.679+02:00  INFO 14268 --- [           main] com.zaxxer.hikari.HikariDataSource       : HikariPool-13 - Start completed.
2025-04-03T11:17:45.679+02:00  INFO 14268 --- [           main] o.s.b.a.h2.H2ConsoleAutoConfiguration    : H2 console available at '/h2-console'. Database available at 'jdbc:h2:mem:dcbapp'
2025-04-03T11:17:45.738+02:00  INFO 14268 --- [           main] o.hibernate.jpa.internal.util.LogHelper  : HHH000204: Processing PersistenceUnitInfo [name: default]
2025-04-03T11:17:45.759+02:00  INFO 14268 --- [           main] SQL dialect                              : HHH000400: Using dialect: org.hibernate.dialect.H2Dialect
2025-04-03T11:17:45.841+02:00  INFO 14268 --- [           main] o.h.e.t.j.p.i.JtaPlatformInitiator       : HHH000490: Using JtaPlatform implementation: [org.hibernate.engine.transaction.jta.platform.internal.NoJtaPlatform]
2025-04-03T11:17:45.842+02:00  INFO 14268 --- [           main] j.LocalContainerEntityManagerFactoryBean : Initialized JPA EntityManagerFactory for persistence unit 'default'
2025-04-03T11:17:45.955+02:00  WARN 14268 --- [           main] JpaBaseConfiguration$JpaWebConfiguration : spring.jpa.open-in-view is enabled by default. Therefore, database queries may be performed during view rendering. Explicitly configure spring.jpa.open-in-view to disable this warning
2025-04-03T11:17:46.152+02:00  INFO 14268 --- [           main] o.s.b.w.embedded.tomcat.TomcatWebServer  : Tomcat started on port(s): 60068 (http) with context path ''
2025-04-03T11:17:46.157+02:00  INFO 14268 --- [           main] e.u.i.s.p.Practica2ApplicationTests      : Started Practica2ApplicationTests in 1.053 seconds (process running for 49.284)
2025-04-03T11:17:46.185+02:00  INFO 14268 --- [-auto-13-exec-1] o.a.c.c.C.[Tomcat].[localhost].[/]       : Initializing Spring DispatcherServlet 'dispatcherServlet'
2025-04-03T11:17:46.185+02:00  INFO 14268 --- [-auto-13-exec-1] o.s.web.servlet.DispatcherServlet        : Initializing Servlet 'dispatcherServlet'
2025-04-03T11:17:46.186+02:00  INFO 14268 --- [-auto-13-exec-1] o.s.web.servlet.DispatcherServlet        : Completed initialization in 1 ms
2025-04-03T11:17:46.219+02:00  INFO 14268 --- [           main] o.apache.catalina.core.StandardService   : Stopping service [Tomcat]
2025-04-03T11:17:46.222+02:00  INFO 14268 --- [           main] o.a.c.c.C.[Tomcat].[localhost].[/]       : Destroying Spring FrameworkServlet 'dispatcherServlet'
2025-04-03T11:17:46.234+02:00  INFO 14268 --- [           main] j.LocalContainerEntityManagerFactoryBean : Closing JPA EntityManagerFactory for persistence unit 'default'
2025-04-03T11:17:46.235+02:00  INFO 14268 --- [           main] .SchemaDropperImpl$DelayedDropActionImpl : HHH000477: Starting delayed evictData of schema as part of SessionFactory shut-down'
2025-04-03T11:17:46.238+02:00  INFO 14268 --- [           main] com.zaxxer.hikari.HikariDataSource       : HikariPool-13 - Shutdown initiated...
2025-04-03T11:17:46.241+02:00  INFO 14268 --- [           main] com.zaxxer.hikari.HikariDataSource       : HikariPool-13 - Shutdown completed.
]]></system-out>
  </testcase>
  <testcase name="devuelveErrorAlModificarProyecto" classname="es.uma.informatica.sii.practica2.Practica2ApplicationTests$ListaVacia" time="0.092">
    <system-out><![CDATA[
  .   ____          _            __ _ _
 /\\ / ___'_ __ _ _(_)_ __  __ _ \ \ \ \
( ( )\___ | '_ | '_| | '_ \/ _` | \ \ \ \
 \\/  ___)| |_)| | | | | || (_| |  ) ) ) )
  '  |____| .__|_| |_|_| |_\__, | / / / /
 =========|_|==============|___/=/_/_/_/
 :: Spring Boot ::                (v3.0.4)

2025-04-03T11:17:46.306+02:00  INFO 14268 --- [           main] e.u.i.s.p.Practica2ApplicationTests      : Starting Practica2ApplicationTests using Java 21.0.6 with PID 14268 (started by jcalc in C:\Users\jcalc\Documentos\Carrera\Cuarto\Sistemas-de-Informacion-para-Internet\Tema-4\practica2-grupo-b)
2025-04-03T11:17:46.307+02:00  INFO 14268 --- [           main] e.u.i.s.p.Practica2ApplicationTests      : No active profile set, falling back to 1 default profile: "default"
2025-04-03T11:17:46.660+02:00  INFO 14268 --- [           main] .s.d.r.c.RepositoryConfigurationDelegate : Bootstrapping Spring Data JPA repositories in DEFAULT mode.
2025-04-03T11:17:46.676+02:00  INFO 14268 --- [           main] .s.d.r.c.RepositoryConfigurationDelegate : Finished Spring Data repository scanning in 15 ms. Found 1 JPA repository interfaces.
2025-04-03T11:17:46.802+02:00  INFO 14268 --- [           main] o.s.b.w.embedded.tomcat.TomcatWebServer  : Tomcat initialized with port(s): 0 (http)
2025-04-03T11:17:46.804+02:00  INFO 14268 --- [           main] o.apache.catalina.core.StandardService   : Starting service [Tomcat]
2025-04-03T11:17:46.804+02:00  INFO 14268 --- [           main] o.apache.catalina.core.StandardEngine    : Starting Servlet engine: [Apache Tomcat/10.1.5]
2025-04-03T11:17:46.873+02:00  INFO 14268 --- [           main] o.a.c.c.C.[Tomcat].[localhost].[/]       : Initializing Spring embedded WebApplicationContext
2025-04-03T11:17:46.874+02:00  INFO 14268 --- [           main] w.s.c.ServletWebServerApplicationContext : Root WebApplicationContext: initialization completed in 562 ms
2025-04-03T11:17:46.908+02:00  INFO 14268 --- [           main] com.zaxxer.hikari.HikariDataSource       : HikariPool-14 - Starting...
2025-04-03T11:17:46.913+02:00  INFO 14268 --- [           main] com.zaxxer.hikari.pool.HikariPool        : HikariPool-14 - Added connection conn130: url=jdbc:h2:mem:dcbapp user=SA
2025-04-03T11:17:46.913+02:00  INFO 14268 --- [           main] com.zaxxer.hikari.HikariDataSource       : HikariPool-14 - Start completed.
2025-04-03T11:17:46.913+02:00  INFO 14268 --- [           main] o.s.b.a.h2.H2ConsoleAutoConfiguration    : H2 console available at '/h2-console'. Database available at 'jdbc:h2:mem:dcbapp'
2025-04-03T11:17:46.989+02:00  INFO 14268 --- [           main] o.hibernate.jpa.internal.util.LogHelper  : HHH000204: Processing PersistenceUnitInfo [name: default]
2025-04-03T11:17:47.005+02:00  INFO 14268 --- [           main] SQL dialect                              : HHH000400: Using dialect: org.hibernate.dialect.H2Dialect
2025-04-03T11:17:47.095+02:00  INFO 14268 --- [           main] o.h.e.t.j.p.i.JtaPlatformInitiator       : HHH000490: Using JtaPlatform implementation: [org.hibernate.engine.transaction.jta.platform.internal.NoJtaPlatform]
2025-04-03T11:17:47.096+02:00  INFO 14268 --- [           main] j.LocalContainerEntityManagerFactoryBean : Initialized JPA EntityManagerFactory for persistence unit 'default'
2025-04-03T11:17:47.310+02:00  WARN 14268 --- [           main] JpaBaseConfiguration$JpaWebConfiguration : spring.jpa.open-in-view is enabled by default. Therefore, database queries may be performed during view rendering. Explicitly configure spring.jpa.open-in-view to disable this warning
2025-04-03T11:17:47.555+02:00  INFO 14268 --- [           main] o.s.b.w.embedded.tomcat.TomcatWebServer  : Tomcat started on port(s): 60071 (http) with context path ''
2025-04-03T11:17:47.560+02:00  INFO 14268 --- [           main] e.u.i.s.p.Practica2ApplicationTests      : Started Practica2ApplicationTests in 1.311 seconds (process running for 50.687)
2025-04-03T11:17:47.595+02:00  INFO 14268 --- [-auto-14-exec-1] o.a.c.c.C.[Tomcat].[localhost].[/]       : Initializing Spring DispatcherServlet 'dispatcherServlet'
2025-04-03T11:17:47.595+02:00  INFO 14268 --- [-auto-14-exec-1] o.s.web.servlet.DispatcherServlet        : Initializing Servlet 'dispatcherServlet'
2025-04-03T11:17:47.597+02:00  INFO 14268 --- [-auto-14-exec-1] o.s.web.servlet.DispatcherServlet        : Completed initialization in 1 ms
2025-04-03T11:17:47.640+02:00  INFO 14268 --- [           main] o.apache.catalina.core.StandardService   : Stopping service [Tomcat]
2025-04-03T11:17:47.642+02:00  INFO 14268 --- [           main] o.a.c.c.C.[Tomcat].[localhost].[/]       : Destroying Spring FrameworkServlet 'dispatcherServlet'
2025-04-03T11:17:47.653+02:00  INFO 14268 --- [           main] j.LocalContainerEntityManagerFactoryBean : Closing JPA EntityManagerFactory for persistence unit 'default'
2025-04-03T11:17:47.653+02:00  INFO 14268 --- [           main] .SchemaDropperImpl$DelayedDropActionImpl : HHH000477: Starting delayed evictData of schema as part of SessionFactory shut-down'
2025-04-03T11:17:47.656+02:00  INFO 14268 --- [           main] com.zaxxer.hikari.HikariDataSource       : HikariPool-14 - Shutdown initiated...
2025-04-03T11:17:47.659+02:00  INFO 14268 --- [           main] com.zaxxer.hikari.HikariDataSource       : HikariPool-14 - Shutdown completed.
]]></system-out>
  </testcase>
  <testcase name="conID" classname="es.uma.informatica.sii.practica2.Practica2ApplicationTests$ListaVacia$InsertaProyectos" time="0.081">
    <system-out><![CDATA[2025-04-03T11:17:47.674+02:00  INFO 14268 --- [           main] t.c.s.AnnotationConfigContextLoaderUtils : Could not detect default configuration classes for test class [es.uma.informatica.sii.practica2.Practica2ApplicationTests$ListaVacia$InsertaProyectos]: InsertaProyectos does not declare any static, non-private, non-final, nested classes annotated with @Configuration.
2025-04-03T11:17:47.679+02:00  INFO 14268 --- [           main] .b.t.c.SpringBootTestContextBootstrapper : Found @SpringBootConfiguration es.uma.informatica.sii.practica2.Practica2Application for test class es.uma.informatica.sii.practica2.Practica2ApplicationTests$ListaVacia$InsertaProyectos

  .   ____          _            __ _ _
 /\\ / ___'_ __ _ _(_)_ __  __ _ \ \ \ \
( ( )\___ | '_ | '_| | '_ \/ _` | \ \ \ \
 \\/  ___)| |_)| | | | | || (_| |  ) ) ) )
  '  |____| .__|_| |_|_| |_\__, | / / / /
 =========|_|==============|___/=/_/_/_/
 :: Spring Boot ::                (v3.0.4)

2025-04-03T11:17:47.758+02:00  INFO 14268 --- [           main] e.u.i.s.p.Practica2ApplicationTests      : Starting Practica2ApplicationTests using Java 21.0.6 with PID 14268 (started by jcalc in C:\Users\jcalc\Documentos\Carrera\Cuarto\Sistemas-de-Informacion-para-Internet\Tema-4\practica2-grupo-b)
2025-04-03T11:17:47.759+02:00  INFO 14268 --- [           main] e.u.i.s.p.Practica2ApplicationTests      : No active profile set, falling back to 1 default profile: "default"
2025-04-03T11:17:48.119+02:00  INFO 14268 --- [           main] .s.d.r.c.RepositoryConfigurationDelegate : Bootstrapping Spring Data JPA repositories in DEFAULT mode.
2025-04-03T11:17:48.133+02:00  INFO 14268 --- [           main] .s.d.r.c.RepositoryConfigurationDelegate : Finished Spring Data repository scanning in 14 ms. Found 1 JPA repository interfaces.
2025-04-03T11:17:48.222+02:00  INFO 14268 --- [           main] o.s.b.w.embedded.tomcat.TomcatWebServer  : Tomcat initialized with port(s): 0 (http)
2025-04-03T11:17:48.225+02:00  INFO 14268 --- [           main] o.apache.catalina.core.StandardService   : Starting service [Tomcat]
2025-04-03T11:17:48.225+02:00  INFO 14268 --- [           main] o.apache.catalina.core.StandardEngine    : Starting Servlet engine: [Apache Tomcat/10.1.5]
2025-04-03T11:17:48.274+02:00  INFO 14268 --- [           main] o.a.c.c.C.[Tomcat].[localhost].[/]       : Initializing Spring embedded WebApplicationContext
2025-04-03T11:17:48.274+02:00  INFO 14268 --- [           main] w.s.c.ServletWebServerApplicationContext : Root WebApplicationContext: initialization completed in 513 ms
2025-04-03T11:17:48.291+02:00  INFO 14268 --- [           main] com.zaxxer.hikari.HikariDataSource       : HikariPool-15 - Starting...
2025-04-03T11:17:48.295+02:00  INFO 14268 --- [           main] com.zaxxer.hikari.pool.HikariPool        : HikariPool-15 - Added connection conn140: url=jdbc:h2:mem:dcbapp user=SA
2025-04-03T11:17:48.295+02:00  INFO 14268 --- [           main] com.zaxxer.hikari.HikariDataSource       : HikariPool-15 - Start completed.
2025-04-03T11:17:48.296+02:00  INFO 14268 --- [           main] o.s.b.a.h2.H2ConsoleAutoConfiguration    : H2 console available at '/h2-console'. Database available at 'jdbc:h2:mem:dcbapp'
2025-04-03T11:17:48.332+02:00  INFO 14268 --- [           main] o.hibernate.jpa.internal.util.LogHelper  : HHH000204: Processing PersistenceUnitInfo [name: default]
2025-04-03T11:17:48.348+02:00  INFO 14268 --- [           main] SQL dialect                              : HHH000400: Using dialect: org.hibernate.dialect.H2Dialect
2025-04-03T11:17:48.407+02:00  INFO 14268 --- [           main] o.h.e.t.j.p.i.JtaPlatformInitiator       : HHH000490: Using JtaPlatform implementation: [org.hibernate.engine.transaction.jta.platform.internal.NoJtaPlatform]
2025-04-03T11:17:48.407+02:00  INFO 14268 --- [           main] j.LocalContainerEntityManagerFactoryBean : Initialized JPA EntityManagerFactory for persistence unit 'default'
2025-04-03T11:17:48.501+02:00  WARN 14268 --- [           main] JpaBaseConfiguration$JpaWebConfiguration : spring.jpa.open-in-view is enabled by default. Therefore, database queries may be performed during view rendering. Explicitly configure spring.jpa.open-in-view to disable this warning
2025-04-03T11:17:48.660+02:00  INFO 14268 --- [           main] o.s.b.w.embedded.tomcat.TomcatWebServer  : Tomcat started on port(s): 60074 (http) with context path ''
2025-04-03T11:17:48.664+02:00  INFO 14268 --- [           main] e.u.i.s.p.Practica2ApplicationTests      : Started Practica2ApplicationTests in 0.974 seconds (process running for 51.791)
2025-04-03T11:17:48.694+02:00  INFO 14268 --- [-auto-15-exec-1] o.a.c.c.C.[Tomcat].[localhost].[/]       : Initializing Spring DispatcherServlet 'dispatcherServlet'
2025-04-03T11:17:48.695+02:00  INFO 14268 --- [-auto-15-exec-1] o.s.web.servlet.DispatcherServlet        : Initializing Servlet 'dispatcherServlet'
2025-04-03T11:17:48.697+02:00  INFO 14268 --- [-auto-15-exec-1] o.s.web.servlet.DispatcherServlet        : Completed initialization in 2 ms
2025-04-03T11:17:48.739+02:00  INFO 14268 --- [           main] o.apache.catalina.core.StandardService   : Stopping service [Tomcat]
2025-04-03T11:17:48.740+02:00  INFO 14268 --- [           main] o.a.c.c.C.[Tomcat].[localhost].[/]       : Destroying Spring FrameworkServlet 'dispatcherServlet'
2025-04-03T11:17:48.746+02:00  INFO 14268 --- [           main] j.LocalContainerEntityManagerFactoryBean : Closing JPA EntityManagerFactory for persistence unit 'default'
2025-04-03T11:17:48.746+02:00  INFO 14268 --- [           main] .SchemaDropperImpl$DelayedDropActionImpl : HHH000477: Starting delayed evictData of schema as part of SessionFactory shut-down'
2025-04-03T11:17:48.749+02:00  INFO 14268 --- [           main] com.zaxxer.hikari.HikariDataSource       : HikariPool-15 - Shutdown initiated...
2025-04-03T11:17:48.751+02:00  INFO 14268 --- [           main] com.zaxxer.hikari.HikariDataSource       : HikariPool-15 - Shutdown completed.
]]></system-out>
  </testcase>
  <testcase name="sinID" classname="es.uma.informatica.sii.practica2.Practica2ApplicationTests$ListaVacia$InsertaProyectos" time="0.089">
    <system-out><![CDATA[
  .   ____          _            __ _ _
 /\\ / ___'_ __ _ _(_)_ __  __ _ \ \ \ \
( ( )\___ | '_ | '_| | '_ \/ _` | \ \ \ \
 \\/  ___)| |_)| | | | | || (_| |  ) ) ) )
  '  |____| .__|_| |_|_| |_\__, | / / / /
 =========|_|==============|___/=/_/_/_/
 :: Spring Boot ::                (v3.0.4)

2025-04-03T11:17:48.807+02:00  INFO 14268 --- [           main] e.u.i.s.p.Practica2ApplicationTests      : Starting Practica2ApplicationTests using Java 21.0.6 with PID 14268 (started by jcalc in C:\Users\jcalc\Documentos\Carrera\Cuarto\Sistemas-de-Informacion-para-Internet\Tema-4\practica2-grupo-b)
2025-04-03T11:17:48.808+02:00  INFO 14268 --- [           main] e.u.i.s.p.Practica2ApplicationTests      : No active profile set, falling back to 1 default profile: "default"
2025-04-03T11:17:49.122+02:00  INFO 14268 --- [           main] .s.d.r.c.RepositoryConfigurationDelegate : Bootstrapping Spring Data JPA repositories in DEFAULT mode.
2025-04-03T11:17:49.137+02:00  INFO 14268 --- [           main] .s.d.r.c.RepositoryConfigurationDelegate : Finished Spring Data repository scanning in 15 ms. Found 1 JPA repository interfaces.
2025-04-03T11:17:49.233+02:00  INFO 14268 --- [           main] o.s.b.w.embedded.tomcat.TomcatWebServer  : Tomcat initialized with port(s): 0 (http)
2025-04-03T11:17:49.235+02:00  INFO 14268 --- [           main] o.apache.catalina.core.StandardService   : Starting service [Tomcat]
2025-04-03T11:17:49.235+02:00  INFO 14268 --- [           main] o.apache.catalina.core.StandardEngine    : Starting Servlet engine: [Apache Tomcat/10.1.5]
2025-04-03T11:17:49.286+02:00  INFO 14268 --- [           main] o.a.c.c.C.[Tomcat].[localhost].[/]       : Initializing Spring embedded WebApplicationContext
2025-04-03T11:17:49.286+02:00  INFO 14268 --- [           main] w.s.c.ServletWebServerApplicationContext : Root WebApplicationContext: initialization completed in 476 ms
2025-04-03T11:17:49.307+02:00  INFO 14268 --- [           main] com.zaxxer.hikari.HikariDataSource       : HikariPool-16 - Starting...
2025-04-03T11:17:49.311+02:00  INFO 14268 --- [           main] com.zaxxer.hikari.pool.HikariPool        : HikariPool-16 - Added connection conn150: url=jdbc:h2:mem:dcbapp user=SA
2025-04-03T11:17:49.312+02:00  INFO 14268 --- [           main] com.zaxxer.hikari.HikariDataSource       : HikariPool-16 - Start completed.
2025-04-03T11:17:49.312+02:00  INFO 14268 --- [           main] o.s.b.a.h2.H2ConsoleAutoConfiguration    : H2 console available at '/h2-console'. Database available at 'jdbc:h2:mem:dcbapp'
2025-04-03T11:17:49.352+02:00  INFO 14268 --- [           main] o.hibernate.jpa.internal.util.LogHelper  : HHH000204: Processing PersistenceUnitInfo [name: default]
2025-04-03T11:17:49.365+02:00  INFO 14268 --- [           main] SQL dialect                              : HHH000400: Using dialect: org.hibernate.dialect.H2Dialect
2025-04-03T11:17:49.424+02:00  INFO 14268 --- [           main] o.h.e.t.j.p.i.JtaPlatformInitiator       : HHH000490: Using JtaPlatform implementation: [org.hibernate.engine.transaction.jta.platform.internal.NoJtaPlatform]
2025-04-03T11:17:49.424+02:00  INFO 14268 --- [           main] j.LocalContainerEntityManagerFactoryBean : Initialized JPA EntityManagerFactory for persistence unit 'default'
2025-04-03T11:17:49.540+02:00  WARN 14268 --- [           main] JpaBaseConfiguration$JpaWebConfiguration : spring.jpa.open-in-view is enabled by default. Therefore, database queries may be performed during view rendering. Explicitly configure spring.jpa.open-in-view to disable this warning
2025-04-03T11:17:49.852+02:00  INFO 14268 --- [           main] o.s.b.w.embedded.tomcat.TomcatWebServer  : Tomcat started on port(s): 60077 (http) with context path ''
2025-04-03T11:17:49.858+02:00  INFO 14268 --- [           main] e.u.i.s.p.Practica2ApplicationTests      : Started Practica2ApplicationTests in 1.101 seconds (process running for 52.985)
2025-04-03T11:17:49.895+02:00  INFO 14268 --- [-auto-16-exec-1] o.a.c.c.C.[Tomcat].[localhost].[/]       : Initializing Spring DispatcherServlet 'dispatcherServlet'
2025-04-03T11:17:49.896+02:00  INFO 14268 --- [-auto-16-exec-1] o.s.web.servlet.DispatcherServlet        : Initializing Servlet 'dispatcherServlet'
2025-04-03T11:17:49.897+02:00  INFO 14268 --- [-auto-16-exec-1] o.s.web.servlet.DispatcherServlet        : Completed initialization in 1 ms
2025-04-03T11:17:49.935+02:00  INFO 14268 --- [           main] o.apache.catalina.core.StandardService   : Stopping service [Tomcat]
2025-04-03T11:17:49.936+02:00  INFO 14268 --- [           main] o.a.c.c.C.[Tomcat].[localhost].[/]       : Destroying Spring FrameworkServlet 'dispatcherServlet'
2025-04-03T11:17:49.945+02:00  INFO 14268 --- [           main] j.LocalContainerEntityManagerFactoryBean : Closing JPA EntityManagerFactory for persistence unit 'default'
2025-04-03T11:17:49.945+02:00  INFO 14268 --- [           main] .SchemaDropperImpl$DelayedDropActionImpl : HHH000477: Starting delayed evictData of schema as part of SessionFactory shut-down'
2025-04-03T11:17:49.949+02:00  INFO 14268 --- [           main] com.zaxxer.hikari.HikariDataSource       : HikariPool-16 - Shutdown initiated...
2025-04-03T11:17:49.953+02:00  INFO 14268 --- [           main] com.zaxxer.hikari.HikariDataSource       : HikariPool-16 - Shutdown completed.
]]></system-out>
  </testcase>
</testsuite>