<?xml version="1.0" encoding="UTF-8"?>
<testsuite xmlns:xsi="http://www.w3.org/2001/XMLSchema-instance" xsi:noNamespaceSchemaLocation="https://maven.apache.org/surefire/maven-surefire-plugin/xsd/surefire-test-report-3.0.xsd" version="3.0" name="es.uma.informatica.sii.practica2.Practica2ApplicationTests$ListaConDatos$ObtenerContactos" time="1.494" tests="2" errors="0" skipped="0" failures="0">
  <properties>
[...]
</properties>
  <testcase name="devuelveContacto" classname="es.uma.informatica.sii.practica2.Practica2ApplicationTests$ListaConDatos$ObtenerContactos" time="0.063">
    <system-out><![CDATA[2025-04-02T11:49:13.428+02:00  INFO 12516 --- [           main] t.c.s.AnnotationConfigContextLoaderUtils : Could not detect default configuration classes for test class [es.uma.informatica.sii.practica2.Practica2ApplicationTests$ListaConDatos$ObtenerContactos]: ObtenerContactos does not declare any static, non-private, non-final, nested classes annotated with @Configuration.
2025-04-02T11:49:13.428+02:00  INFO 12516 --- [           main] .b.t.c.SpringBootTestContextBootstrapper : Found @SpringBootConfiguration es.uma.informatica.sii.practica2.Practica2Application for test class es.uma.informatica.sii.practica2.Practica2ApplicationTests$ListaConDatos$ObtenerContactos

  .   ____          _            __ _ _
 /\\ / ___'_ __ _ _(_)_ __  __ _ \ \ \ \
( ( )\___ | '_ | '_| | '_ \/ _` | \ \ \ \
 \\/  ___)| |_)| | | | | || (_| |  ) ) ) )
  '  |____| .__|_| |_|_| |_\__, | / / / /
 =========|_|==============|___/=/_/_/_/
 :: Spring Boot ::                (v3.0.4)

2025-04-02T11:49:13.459+02:00  INFO 12516 --- [           main] e.u.i.s.p.Practica2ApplicationTests      : Starting Practica2ApplicationTests using Java 21.0.4 with PID 12516 (started by pablo in C:\Users\pablo\Desktop\CARRERA\4 CUARTO\SEGUNDO CUATRIMESTRE\Sistemas de Información para Internet\Ejercicio\Tema 4\Ejercicio1)
2025-04-02T11:49:13.459+02:00  INFO 12516 --- [           main] e.u.i.s.p.Practica2ApplicationTests      : No active profile set, falling back to 1 default profile: "default"
2025-04-02T11:49:13.569+02:00  INFO 12516 --- [           main] .s.d.r.c.RepositoryConfigurationDelegate : Bootstrapping Spring Data JPA repositories in DEFAULT mode.
2025-04-02T11:49:13.585+02:00  INFO 12516 --- [           main] .s.d.r.c.RepositoryConfigurationDelegate : Finished Spring Data repository scanning in 7 ms. Found 1 JPA repository interfaces.
2025-04-02T11:49:13.648+02:00  INFO 12516 --- [           main] o.s.b.w.embedded.tomcat.TomcatWebServer  : Tomcat initialized with port(s): 0 (http)
2025-04-02T11:49:13.648+02:00  INFO 12516 --- [           main] o.apache.catalina.core.StandardService   : Starting service [Tomcat]
2025-04-02T11:49:13.648+02:00  INFO 12516 --- [           main] o.apache.catalina.core.StandardEngine    : Starting Servlet engine: [Apache Tomcat/10.1.5]
2025-04-02T11:49:13.664+02:00  INFO 12516 --- [           main] o.a.c.c.C.[Tomcat].[localhost].[/]       : Initializing Spring embedded WebApplicationContext
2025-04-02T11:49:13.664+02:00  INFO 12516 --- [           main] w.s.c.ServletWebServerApplicationContext : Root WebApplicationContext: initialization completed in 201 ms
2025-04-02T11:49:13.679+02:00  INFO 12516 --- [           main] com.zaxxer.hikari.HikariDataSource       : HikariPool-6 - Starting...
2025-04-02T11:49:13.679+02:00  INFO 12516 --- [           main] com.zaxxer.hikari.pool.HikariPool        : HikariPool-6 - Added connection conn50: url=jdbc:h2:mem:dcbapp user=SA
2025-04-02T11:49:13.679+02:00  INFO 12516 --- [           main] com.zaxxer.hikari.HikariDataSource       : HikariPool-6 - Start completed.
2025-04-02T11:49:13.679+02:00  INFO 12516 --- [           main] o.s.b.a.h2.H2ConsoleAutoConfiguration    : H2 console available at '/h2-console'. Database available at 'jdbc:h2:mem:dcbapp'
2025-04-02T11:49:13.695+02:00  INFO 12516 --- [           main] o.hibernate.jpa.internal.util.LogHelper  : HHH000204: Processing PersistenceUnitInfo [name: default]
2025-04-02T11:49:13.710+02:00  INFO 12516 --- [           main] SQL dialect                              : HHH000400: Using dialect: org.hibernate.dialect.H2Dialect
2025-04-02T11:49:13.742+02:00  INFO 12516 --- [           main] o.h.e.t.j.p.i.JtaPlatformInitiator       : HHH000490: Using JtaPlatform implementation: [org.hibernate.engine.transaction.jta.platform.internal.NoJtaPlatform]
2025-04-02T11:49:13.742+02:00  INFO 12516 --- [           main] j.LocalContainerEntityManagerFactoryBean : Initialized JPA EntityManagerFactory for persistence unit 'default'
2025-04-02T11:49:13.773+02:00  WARN 12516 --- [           main] JpaBaseConfiguration$JpaWebConfiguration : spring.jpa.open-in-view is enabled by default. Therefore, database queries may be performed during view rendering. Explicitly configure spring.jpa.open-in-view to disable this warning
2025-04-02T11:49:14.121+02:00  INFO 12516 --- [           main] o.s.b.w.embedded.tomcat.TomcatWebServer  : Tomcat started on port(s): 52372 (http) with context path ''
2025-04-02T11:49:14.121+02:00  INFO 12516 --- [           main] e.u.i.s.p.Practica2ApplicationTests      : Started Practica2ApplicationTests in 0.686 seconds (process running for 11.654)
2025-04-02T11:49:14.137+02:00  INFO 12516 --- [o-auto-6-exec-1] o.a.c.c.C.[Tomcat].[localhost].[/]       : Initializing Spring DispatcherServlet 'dispatcherServlet'
2025-04-02T11:49:14.137+02:00  INFO 12516 --- [o-auto-6-exec-1] o.s.web.servlet.DispatcherServlet        : Initializing Servlet 'dispatcherServlet'
2025-04-02T11:49:14.137+02:00  INFO 12516 --- [o-auto-6-exec-1] o.s.web.servlet.DispatcherServlet        : Completed initialization in 0 ms
2025-04-02T11:49:14.168+02:00  INFO 12516 --- [           main] o.apache.catalina.core.StandardService   : Stopping service [Tomcat]
2025-04-02T11:49:14.168+02:00  INFO 12516 --- [           main] o.a.c.c.C.[Tomcat].[localhost].[/]       : Destroying Spring FrameworkServlet 'dispatcherServlet'
2025-04-02T11:49:14.184+02:00  INFO 12516 --- [           main] j.LocalContainerEntityManagerFactoryBean : Closing JPA EntityManagerFactory for persistence unit 'default'
2025-04-02T11:49:14.184+02:00  INFO 12516 --- [           main] .SchemaDropperImpl$DelayedDropActionImpl : HHH000477: Starting delayed evictData of schema as part of SessionFactory shut-down'
2025-04-02T11:49:14.184+02:00  INFO 12516 --- [           main] com.zaxxer.hikari.HikariDataSource       : HikariPool-6 - Shutdown initiated...
2025-04-02T11:49:14.184+02:00  INFO 12516 --- [           main] com.zaxxer.hikari.HikariDataSource       : HikariPool-6 - Shutdown completed.
]]></system-out>
  </testcase>
  <testcase name="errorCuandoContactoNoExiste" classname="es.uma.informatica.sii.practica2.Practica2ApplicationTests$ListaConDatos$ObtenerContactos" time="0.055">
    <system-out><![CDATA[
  .   ____          _            __ _ _
 /\\ / ___'_ __ _ _(_)_ __  __ _ \ \ \ \
( ( )\___ | '_ | '_| | '_ \/ _` | \ \ \ \
 \\/  ___)| |_)| | | | | || (_| |  ) ) ) )
  '  |____| .__|_| |_|_| |_\__, | / / / /
 =========|_|==============|___/=/_/_/_/
 :: Spring Boot ::                (v3.0.4)

2025-04-02T11:49:14.221+02:00  INFO 12516 --- [           main] e.u.i.s.p.Practica2ApplicationTests      : Starting Practica2ApplicationTests using Java 21.0.4 with PID 12516 (started by pablo in C:\Users\pablo\Desktop\CARRERA\4 CUARTO\SEGUNDO CUATRIMESTRE\Sistemas de Información para Internet\Ejercicio\Tema 4\Ejercicio1)
2025-04-02T11:49:14.221+02:00  INFO 12516 --- [           main] e.u.i.s.p.Practica2ApplicationTests      : No active profile set, falling back to 1 default profile: "default"
2025-04-02T11:49:14.362+02:00  INFO 12516 --- [           main] .s.d.r.c.RepositoryConfigurationDelegate : Bootstrapping Spring Data JPA repositories in DEFAULT mode.
2025-04-02T11:49:14.377+02:00  INFO 12516 --- [           main] .s.d.r.c.RepositoryConfigurationDelegate : Finished Spring Data repository scanning in 7 ms. Found 1 JPA repository interfaces.
2025-04-02T11:49:14.434+02:00  INFO 12516 --- [           main] o.s.b.w.embedded.tomcat.TomcatWebServer  : Tomcat initialized with port(s): 0 (http)
2025-04-02T11:49:14.434+02:00  INFO 12516 --- [           main] o.apache.catalina.core.StandardService   : Starting service [Tomcat]
2025-04-02T11:49:14.434+02:00  INFO 12516 --- [           main] o.apache.catalina.core.StandardEngine    : Starting Servlet engine: [Apache Tomcat/10.1.5]
2025-04-02T11:49:14.456+02:00  INFO 12516 --- [           main] o.a.c.c.C.[Tomcat].[localhost].[/]       : Initializing Spring embedded WebApplicationContext
2025-04-02T11:49:14.456+02:00  INFO 12516 --- [           main] w.s.c.ServletWebServerApplicationContext : Root WebApplicationContext: initialization completed in 235 ms
2025-04-02T11:49:14.472+02:00  INFO 12516 --- [           main] com.zaxxer.hikari.HikariDataSource       : HikariPool-7 - Starting...
2025-04-02T11:49:14.472+02:00  INFO 12516 --- [           main] com.zaxxer.hikari.pool.HikariPool        : HikariPool-7 - Added connection conn60: url=jdbc:h2:mem:dcbapp user=SA
2025-04-02T11:49:14.472+02:00  INFO 12516 --- [           main] com.zaxxer.hikari.HikariDataSource       : HikariPool-7 - Start completed.
2025-04-02T11:49:14.472+02:00  INFO 12516 --- [           main] o.s.b.a.h2.H2ConsoleAutoConfiguration    : H2 console available at '/h2-console'. Database available at 'jdbc:h2:mem:dcbapp'
2025-04-02T11:49:14.487+02:00  INFO 12516 --- [           main] o.hibernate.jpa.internal.util.LogHelper  : HHH000204: Processing PersistenceUnitInfo [name: default]
2025-04-02T11:49:14.503+02:00  INFO 12516 --- [           main] SQL dialect                              : HHH000400: Using dialect: org.hibernate.dialect.H2Dialect
2025-04-02T11:49:14.522+02:00  INFO 12516 --- [           main] o.h.e.t.j.p.i.JtaPlatformInitiator       : HHH000490: Using JtaPlatform implementation: [org.hibernate.engine.transaction.jta.platform.internal.NoJtaPlatform]
2025-04-02T11:49:14.522+02:00  INFO 12516 --- [           main] j.LocalContainerEntityManagerFactoryBean : Initialized JPA EntityManagerFactory for persistence unit 'default'
2025-04-02T11:49:14.566+02:00  WARN 12516 --- [           main] JpaBaseConfiguration$JpaWebConfiguration : spring.jpa.open-in-view is enabled by default. Therefore, database queries may be performed during view rendering. Explicitly configure spring.jpa.open-in-view to disable this warning
2025-04-02T11:49:14.867+02:00  INFO 12516 --- [           main] o.s.b.w.embedded.tomcat.TomcatWebServer  : Tomcat started on port(s): 52375 (http) with context path ''
2025-04-02T11:49:14.867+02:00  INFO 12516 --- [           main] e.u.i.s.p.Practica2ApplicationTests      : Started Practica2ApplicationTests in 0.681 seconds (process running for 12.4)
2025-04-02T11:49:14.883+02:00  INFO 12516 --- [o-auto-7-exec-1] o.a.c.c.C.[Tomcat].[localhost].[/]       : Initializing Spring DispatcherServlet 'dispatcherServlet'
2025-04-02T11:49:14.883+02:00  INFO 12516 --- [o-auto-7-exec-1] o.s.web.servlet.DispatcherServlet        : Initializing Servlet 'dispatcherServlet'
2025-04-02T11:49:14.883+02:00  INFO 12516 --- [o-auto-7-exec-1] o.s.web.servlet.DispatcherServlet        : Completed initialization in 0 ms
2025-04-02T11:49:14.914+02:00  INFO 12516 --- [           main] o.apache.catalina.core.StandardService   : Stopping service [Tomcat]
2025-04-02T11:49:14.914+02:00  INFO 12516 --- [           main] o.a.c.c.C.[Tomcat].[localhost].[/]       : Destroying Spring FrameworkServlet 'dispatcherServlet'
2025-04-02T11:49:14.914+02:00  INFO 12516 --- [           main] j.LocalContainerEntityManagerFactoryBean : Closing JPA EntityManagerFactory for persistence unit 'default'
2025-04-02T11:49:14.914+02:00  INFO 12516 --- [           main] .SchemaDropperImpl$DelayedDropActionImpl : HHH000477: Starting delayed evictData of schema as part of SessionFactory shut-down'
2025-04-02T11:49:14.922+02:00  INFO 12516 --- [           main] com.zaxxer.hikari.HikariDataSource       : HikariPool-7 - Shutdown initiated...
2025-04-02T11:49:14.922+02:00  INFO 12516 --- [           main] com.zaxxer.hikari.HikariDataSource       : HikariPool-7 - Shutdown completed.
]]></system-out>
  </testcase>
</testsuite>