<?xml version="1.0" encoding="UTF-8"?>
<testsuite xmlns:xsi="http://www.w3.org/2001/XMLSchema-instance" xsi:noNamespaceSchemaLocation="https://maven.apache.org/surefire/maven-surefire-plugin/xsd/surefire-test-report-3.0.xsd" version="3.0" name="es.uma.informatica.sii.jpa.proyectos.ProyectosTest" time="0.715" tests="1" errors="0" skipped="0" failures="0">
  <properties>
[...]
</properties>
  <testcase name="testNada" classname="es.uma.informatica.sii.jpa.proyectos.ProyectosTest" time="0.661">
    <system-out><![CDATA[[EL Severe]: metadata: 2025-03-12 12:24:54.317--ServerSession(1430439149)--The java.lang.Object class was compiled with an unsupported JDK. Report this error to the EclipseLink open source project.
java.lang.IllegalArgumentException: Unsupported class file major version 65
[EL Severe]: metadata: 2025-03-12 12:24:54.326--ServerSession(1430439149)--The java.lang.Object class was compiled with an unsupported JDK. Report this error to the EclipseLink open source project.
java.lang.ArrayIndexOutOfBoundsException: Index 8 out of bounds for length 0
[EL Severe]: metadata: 2025-03-12 12:24:54.333--ServerSession(1430439149)--The java.lang.String class was compiled with an unsupported JDK. Report this error to the EclipseLink open source project.
java.lang.IllegalArgumentException: Unsupported class file major version 65
[EL Severe]: metadata: 2025-03-12 12:24:54.333--ServerSession(1430439149)--The java.lang.String class was compiled with an unsupported JDK. Report this error to the EclipseLink open source project.
java.lang.ArrayIndexOutOfBoundsException: Index 8 out of bounds for length 0
[EL Severe]: metadata: 2025-03-12 12:24:54.342--ServerSession(1430439149)--The java.sql.Date class was compiled with an unsupported JDK. Report this error to the EclipseLink open source project.
java.lang.IllegalArgumentException: Unsupported class file major version 65
[EL Severe]: metadata: 2025-03-12 12:24:54.342--ServerSession(1430439149)--The java.sql.Date class was compiled with an unsupported JDK. Report this error to the EclipseLink open source project.
java.lang.ArrayIndexOutOfBoundsException: Index 8 out of bounds for length 0
[EL Severe]: metadata: 2025-03-12 12:24:54.345--ServerSession(1430439149)--The java.lang.Long class was compiled with an unsupported JDK. Report this error to the EclipseLink open source project.
java.lang.IllegalArgumentException: Unsupported class file major version 65
[EL Severe]: metadata: 2025-03-12 12:24:54.345--ServerSession(1430439149)--The java.lang.Long class was compiled with an unsupported JDK. Report this error to the EclipseLink open source project.
java.lang.ArrayIndexOutOfBoundsException: Index 8 out of bounds for length 0
[EL Severe]: metadata: 2025-03-12 12:24:54.346--ServerSession(1430439149)--The java.lang.Double class was compiled with an unsupported JDK. Report this error to the EclipseLink open source project.
java.lang.IllegalArgumentException: Unsupported class file major version 65
[EL Severe]: metadata: 2025-03-12 12:24:54.346--ServerSession(1430439149)--The java.lang.Double class was compiled with an unsupported JDK. Report this error to the EclipseLink open source project.
java.lang.ArrayIndexOutOfBoundsException: Index 8 out of bounds for length 0
[EL Severe]: metadata: 2025-03-12 12:24:54.347--ServerSession(1430439149)--The java.util.Date class was compiled with an unsupported JDK. Report this error to the EclipseLink open source project.
java.lang.IllegalArgumentException: Unsupported class file major version 65
[EL Severe]: metadata: 2025-03-12 12:24:54.348--ServerSession(1430439149)--The java.util.Date class was compiled with an unsupported JDK. Report this error to the EclipseLink open source project.
java.lang.ArrayIndexOutOfBoundsException: Index 8 out of bounds for length 0
[EL Severe]: metadata: 2025-03-12 12:24:54.348--ServerSession(1430439149)--The java.util.Set class was compiled with an unsupported JDK. Report this error to the EclipseLink open source project.
java.lang.IllegalArgumentException: Unsupported class file major version 65
[EL Severe]: metadata: 2025-03-12 12:24:54.348--ServerSession(1430439149)--The java.util.Set class was compiled with an unsupported JDK. Report this error to the EclipseLink open source project.
java.lang.ArrayIndexOutOfBoundsException: Index 8 out of bounds for length 0
[EL Severe]: metadata: 2025-03-12 12:24:54.351--ServerSession(1430439149)--The java.util.Collection class was compiled with an unsupported JDK. Report this error to the EclipseLink open source project.
java.lang.IllegalArgumentException: Unsupported class file major version 65
[EL Severe]: metadata: 2025-03-12 12:24:54.352--ServerSession(1430439149)--The java.util.Collection class was compiled with an unsupported JDK. Report this error to the EclipseLink open source project.
java.lang.ArrayIndexOutOfBoundsException: Index 8 out of bounds for length 0
[EL Severe]: metadata: 2025-03-12 12:24:54.352--ServerSession(1430439149)--The java.lang.Iterable class was compiled with an unsupported JDK. Report this error to the EclipseLink open source project.
java.lang.IllegalArgumentException: Unsupported class file major version 65
[EL Severe]: metadata: 2025-03-12 12:24:54.353--ServerSession(1430439149)--The java.lang.Iterable class was compiled with an unsupported JDK. Report this error to the EclipseLink open source project.
java.lang.ArrayIndexOutOfBoundsException: Index 8 out of bounds for length 0
[EL Severe]: metadata: 2025-03-12 12:24:54.371--ServerSession(1430439149)--The java.lang.Number class was compiled with an unsupported JDK. Report this error to the EclipseLink open source project.
java.lang.IllegalArgumentException: Unsupported class file major version 65
[EL Severe]: metadata: 2025-03-12 12:24:54.371--ServerSession(1430439149)--The java.lang.Number class was compiled with an unsupported JDK. Report this error to the EclipseLink open source project.
java.lang.ArrayIndexOutOfBoundsException: Index 8 out of bounds for length 0
[EL Info]: 2025-03-12 12:24:54.482--ServerSession(1430439149)--EclipseLink, version: Eclipse Persistence Services - 2.7.6.v20200131-b7c997804f
[EL Info]: connection: 2025-03-12 12:24:54.678--ServerSession(1430439149)--/file:/C:/Users/jcalc/Documentos/Carrera/Cuarto/Sistemas-de-Informacion-para-Internet/Tema-3/ejemplo-pr-jpa/target/classes/_p2-jpa login successful
[EL Info]: connection: 2025-03-12 12:24:54.732--ServerSession(1430439149)--/file:/C:/Users/jcalc/Documentos/Carrera/Cuarto/Sistemas-de-Informacion-para-Internet/Tema-3/ejemplo-pr-jpa/target/classes/_p2-jpa logout successful
]]></system-out>
  </testcase>
</testsuite>