-------------------------------------------------------------------------------
Test set: es.uma.informatica.sii.practica2.Practica2ApplicationTests$ListaConDatos$ModificarProyectos
-------------------------------------------------------------------------------
Tests run: 2, Failures: 0, Errors: 0, Skipped: 0, Time elapsed: 5.752 s - in es.uma.informatica.sii.practica2.Practica2ApplicationTests$ListaConDatos$ModificarProyectos
es.uma.informatica.sii.practica2.Practica2ApplicationTests$ListaConDatos$ModificarProyectos.modificaCorrectamente  Time elapsed: 0.275 s
es.uma.informatica.sii.practica2.Practica2ApplicationTests$ListaConDatos$ModificarProyectos.errorCuandoNoExiste  Time elapsed: 0.154 s
